[12-Jun-2023 17:21:39 UTC] PHP Notice:  Trying to access array offset on value of type null in /Users/evgeniisharaborin/Documents/websites/wordpress/wp-content/plugins/elementor/includes/base/controls-stack.php on line 1109
[12-Jun-2023 17:21:39 UTC] PHP Fatal error:  Uncaught TypeError: Argument 1 passed to Elementor\Controls_Stack::sanitize_settings() must be of the type array, null given, called in /Users/evgeniisharaborin/Documents/websites/wordpress/wp-content/plugins/elementor/includes/base/controls-stack.php on line 1109 and defined in /Users/evgeniisharaborin/Documents/websites/wordpress/wp-content/plugins/elementor/includes/base/controls-stack.php:2414
Stack trace:
#0 /Users/evgeniisharaborin/Documents/websites/wordpress/wp-content/plugins/elementor/includes/base/controls-stack.php(1109): Elementor\Controls_Stack->sanitize_settings(NULL)
#1 /Users/evgeniisharaborin/Documents/websites/wordpress/wp-content/plugins/elementor/includes/base/controls-stack.php(2163): Elementor\Controls_Stack->get_data('settings')
#2 /Users/evgeniisharaborin/Documents/websites/wordpress/wp-content/plugins/elementor/core/base/base-object.php(142): Elementor\Controls_Stack->get_init_settings()
#3 /Users/evgeniisharaborin/Documents/websites/wordpress/wp-content/plugins/elementor/core/base/b in /Users/evgeniisharaborin/Documents/websites/wordpress/wp-content/plugins/elementor/includes/base/controls-stack.php on line 2414
[12-Jun-2023 17:22:24 UTC] PHP Notice:  Trying to access array offset on value of type null in /Users/evgeniisharaborin/Documents/websites/wordpress/wp-content/plugins/elementor/includes/base/controls-stack.php on line 1109
[12-Jun-2023 17:22:24 UTC] PHP Fatal error:  Uncaught TypeError: Argument 1 passed to Elementor\Controls_Stack::sanitize_settings() must be of the type array, null given, called in /Users/evgeniisharaborin/Documents/websites/wordpress/wp-content/plugins/elementor/includes/base/controls-stack.php on line 1109 and defined in /Users/evgeniisharaborin/Documents/websites/wordpress/wp-content/plugins/elementor/includes/base/controls-stack.php:2414
Stack trace:
#0 /Users/evgeniisharaborin/Documents/websites/wordpress/wp-content/plugins/elementor/includes/base/controls-stack.php(1109): Elementor\Controls_Stack->sanitize_settings(NULL)
#1 /Users/evgeniisharaborin/Documents/websites/wordpress/wp-content/plugins/elementor/includes/base/controls-stack.php(2163): Elementor\Controls_Stack->get_data('settings')
#2 /Users/evgeniisharaborin/Documents/websites/wordpress/wp-content/plugins/elementor/core/base/base-object.php(142): Elementor\Controls_Stack->get_init_settings()
#3 /Users/evgeniisharaborin/Documents/websites/wordpress/wp-content/plugins/elementor/core/base/b in /Users/evgeniisharaborin/Documents/websites/wordpress/wp-content/plugins/elementor/includes/base/controls-stack.php on line 2414
[12-Jun-2023 17:23:00 UTC] PHP Notice:  Function Elementor\Controls_Manager::add_control_to_stack was called <strong>incorrectly</strong>. Cannot redeclare control with same name "taxonomy". Please see <a href="https://wordpress.org/documentation/article/debugging-in-wordpress/">Debugging in WordPress</a> for more information. (This message was added in version 1.0.0.) in /Users/evgeniisharaborin/Documents/websites/wordpress/wp-includes/functions.php on line 5865
[12-Jun-2023 17:23:38 UTC] PHP Notice:  Trying to access array offset on value of type null in /Users/evgeniisharaborin/Documents/websites/wordpress/wp-content/plugins/elementor/includes/base/controls-stack.php on line 1109
[12-Jun-2023 17:23:38 UTC] PHP Fatal error:  Uncaught TypeError: Argument 1 passed to Elementor\Controls_Stack::sanitize_settings() must be of the type array, null given, called in /Users/evgeniisharaborin/Documents/websites/wordpress/wp-content/plugins/elementor/includes/base/controls-stack.php on line 1109 and defined in /Users/evgeniisharaborin/Documents/websites/wordpress/wp-content/plugins/elementor/includes/base/controls-stack.php:2414
Stack trace:
#0 /Users/evgeniisharaborin/Documents/websites/wordpress/wp-content/plugins/elementor/includes/base/controls-stack.php(1109): Elementor\Controls_Stack->sanitize_settings(NULL)
#1 /Users/evgeniisharaborin/Documents/websites/wordpress/wp-content/plugins/elementor/includes/base/controls-stack.php(2163): Elementor\Controls_Stack->get_data('settings')
#2 /Users/evgeniisharaborin/Documents/websites/wordpress/wp-content/plugins/elementor/core/base/base-object.php(142): Elementor\Controls_Stack->get_init_settings()
#3 /Users/evgeniisharaborin/Documents/websites/wordpress/wp-content/plugins/elementor/core/base/b in /Users/evgeniisharaborin/Documents/websites/wordpress/wp-content/plugins/elementor/includes/base/controls-stack.php on line 2414
[12-Jun-2023 17:24:45 UTC] PHP Notice:  Undefined variable: apply_button in /Users/evgeniisharaborin/Documents/websites/wordpress/wp-content/plugins/code_assignment/code_assignment.php on line 355
[12-Jun-2023 17:24:45 UTC] Apply-button
[12-Jun-2023 17:24:47 UTC] PHP Notice:  Function Elementor\Controls_Manager::add_control_to_stack was called <strong>incorrectly</strong>. Cannot redeclare control with same name "taxonomy". Please see <a href="https://wordpress.org/documentation/article/debugging-in-wordpress/">Debugging in WordPress</a> for more information. (This message was added in version 1.0.0.) in /Users/evgeniisharaborin/Documents/websites/wordpress/wp-includes/functions.php on line 5865
[12-Jun-2023 17:27:21 UTC] PHP Notice:  Trying to access array offset on value of type null in /Users/evgeniisharaborin/Documents/websites/wordpress/wp-content/plugins/elementor/includes/base/controls-stack.php on line 1109
[12-Jun-2023 17:27:21 UTC] PHP Fatal error:  Uncaught TypeError: Argument 1 passed to Elementor\Controls_Stack::sanitize_settings() must be of the type array, null given, called in /Users/evgeniisharaborin/Documents/websites/wordpress/wp-content/plugins/elementor/includes/base/controls-stack.php on line 1109 and defined in /Users/evgeniisharaborin/Documents/websites/wordpress/wp-content/plugins/elementor/includes/base/controls-stack.php:2414
Stack trace:
#0 /Users/evgeniisharaborin/Documents/websites/wordpress/wp-content/plugins/elementor/includes/base/controls-stack.php(1109): Elementor\Controls_Stack->sanitize_settings(NULL)
#1 /Users/evgeniisharaborin/Documents/websites/wordpress/wp-content/plugins/elementor/includes/base/controls-stack.php(2163): Elementor\Controls_Stack->get_data('settings')
#2 /Users/evgeniisharaborin/Documents/websites/wordpress/wp-content/plugins/elementor/core/base/base-object.php(142): Elementor\Controls_Stack->get_init_settings()
#3 /Users/evgeniisharaborin/Documents/websites/wordpress/wp-content/plugins/elementor/core/base/b in /Users/evgeniisharaborin/Documents/websites/wordpress/wp-content/plugins/elementor/includes/base/controls-stack.php on line 2414
[12-Jun-2023 17:27:24 UTC] PHP Notice:  Trying to access array offset on value of type null in /Users/evgeniisharaborin/Documents/websites/wordpress/wp-content/plugins/elementor/includes/base/controls-stack.php on line 1109
[12-Jun-2023 17:27:24 UTC] PHP Fatal error:  Uncaught TypeError: Argument 1 passed to Elementor\Controls_Stack::sanitize_settings() must be of the type array, null given, called in /Users/evgeniisharaborin/Documents/websites/wordpress/wp-content/plugins/elementor/includes/base/controls-stack.php on line 1109 and defined in /Users/evgeniisharaborin/Documents/websites/wordpress/wp-content/plugins/elementor/includes/base/controls-stack.php:2414
Stack trace:
#0 /Users/evgeniisharaborin/Documents/websites/wordpress/wp-content/plugins/elementor/includes/base/controls-stack.php(1109): Elementor\Controls_Stack->sanitize_settings(NULL)
#1 /Users/evgeniisharaborin/Documents/websites/wordpress/wp-content/plugins/elementor/includes/base/controls-stack.php(2163): Elementor\Controls_Stack->get_data('settings')
#2 /Users/evgeniisharaborin/Documents/websites/wordpress/wp-content/plugins/elementor/core/base/base-object.php(142): Elementor\Controls_Stack->get_init_settings()
#3 /Users/evgeniisharaborin/Documents/websites/wordpress/wp-content/plugins/elementor/core/base/b in /Users/evgeniisharaborin/Documents/websites/wordpress/wp-content/plugins/elementor/includes/base/controls-stack.php on line 2414
[12-Jun-2023 17:27:40 UTC] PHP Notice:  Trying to access array offset on value of type null in /Users/evgeniisharaborin/Documents/websites/wordpress/wp-content/plugins/elementor/includes/base/controls-stack.php on line 1109
[12-Jun-2023 17:27:40 UTC] PHP Fatal error:  Uncaught TypeError: Argument 1 passed to Elementor\Controls_Stack::sanitize_settings() must be of the type array, null given, called in /Users/evgeniisharaborin/Documents/websites/wordpress/wp-content/plugins/elementor/includes/base/controls-stack.php on line 1109 and defined in /Users/evgeniisharaborin/Documents/websites/wordpress/wp-content/plugins/elementor/includes/base/controls-stack.php:2414
Stack trace:
#0 /Users/evgeniisharaborin/Documents/websites/wordpress/wp-content/plugins/elementor/includes/base/controls-stack.php(1109): Elementor\Controls_Stack->sanitize_settings(NULL)
#1 /Users/evgeniisharaborin/Documents/websites/wordpress/wp-content/plugins/elementor/includes/base/controls-stack.php(2163): Elementor\Controls_Stack->get_data('settings')
#2 /Users/evgeniisharaborin/Documents/websites/wordpress/wp-content/plugins/elementor/core/base/base-object.php(142): Elementor\Controls_Stack->get_init_settings()
#3 /Users/evgeniisharaborin/Documents/websites/wordpress/wp-content/plugins/elementor/core/base/b in /Users/evgeniisharaborin/Documents/websites/wordpress/wp-content/plugins/elementor/includes/base/controls-stack.php on line 2414
[12-Jun-2023 17:27:44 UTC] PHP Notice:  Trying to access array offset on value of type null in /Users/evgeniisharaborin/Documents/websites/wordpress/wp-content/plugins/elementor/includes/base/controls-stack.php on line 1109
[12-Jun-2023 17:27:44 UTC] PHP Fatal error:  Uncaught TypeError: Argument 1 passed to Elementor\Controls_Stack::sanitize_settings() must be of the type array, null given, called in /Users/evgeniisharaborin/Documents/websites/wordpress/wp-content/plugins/elementor/includes/base/controls-stack.php on line 1109 and defined in /Users/evgeniisharaborin/Documents/websites/wordpress/wp-content/plugins/elementor/includes/base/controls-stack.php:2414
Stack trace:
#0 /Users/evgeniisharaborin/Documents/websites/wordpress/wp-content/plugins/elementor/includes/base/controls-stack.php(1109): Elementor\Controls_Stack->sanitize_settings(NULL)
#1 /Users/evgeniisharaborin/Documents/websites/wordpress/wp-content/plugins/elementor/includes/base/controls-stack.php(2163): Elementor\Controls_Stack->get_data('settings')
#2 /Users/evgeniisharaborin/Documents/websites/wordpress/wp-content/plugins/elementor/core/base/base-object.php(142): Elementor\Controls_Stack->get_init_settings()
#3 /Users/evgeniisharaborin/Documents/websites/wordpress/wp-content/plugins/elementor/core/base/b in /Users/evgeniisharaborin/Documents/websites/wordpress/wp-content/plugins/elementor/includes/base/controls-stack.php on line 2414
[12-Jun-2023 17:29:07 UTC] I am here
[12-Jun-2023 17:29:07 UTC] PHP Notice:  Trying to access array offset on value of type null in /Users/evgeniisharaborin/Documents/websites/wordpress/wp-content/plugins/elementor/includes/base/controls-stack.php on line 1109
[12-Jun-2023 17:29:07 UTC] PHP Fatal error:  Uncaught TypeError: Argument 1 passed to Elementor\Controls_Stack::sanitize_settings() must be of the type array, null given, called in /Users/evgeniisharaborin/Documents/websites/wordpress/wp-content/plugins/elementor/includes/base/controls-stack.php on line 1109 and defined in /Users/evgeniisharaborin/Documents/websites/wordpress/wp-content/plugins/elementor/includes/base/controls-stack.php:2414
Stack trace:
#0 /Users/evgeniisharaborin/Documents/websites/wordpress/wp-content/plugins/elementor/includes/base/controls-stack.php(1109): Elementor\Controls_Stack->sanitize_settings(NULL)
#1 /Users/evgeniisharaborin/Documents/websites/wordpress/wp-content/plugins/elementor/includes/base/controls-stack.php(2163): Elementor\Controls_Stack->get_data('settings')
#2 /Users/evgeniisharaborin/Documents/websites/wordpress/wp-content/plugins/elementor/core/base/base-object.php(142): Elementor\Controls_Stack->get_init_settings()
#3 /Users/evgeniisharaborin/Documents/websites/wordpress/wp-content/plugins/elementor/core/base/b in /Users/evgeniisharaborin/Documents/websites/wordpress/wp-content/plugins/elementor/includes/base/controls-stack.php on line 2414
[12-Jun-2023 17:29:23 UTC] I am here
[12-Jun-2023 17:29:23 UTC] PHP Notice:  Trying to access array offset on value of type null in /Users/evgeniisharaborin/Documents/websites/wordpress/wp-content/plugins/elementor/includes/base/controls-stack.php on line 1109
[12-Jun-2023 17:29:23 UTC] PHP Fatal error:  Uncaught TypeError: Argument 1 passed to Elementor\Controls_Stack::sanitize_settings() must be of the type array, null given, called in /Users/evgeniisharaborin/Documents/websites/wordpress/wp-content/plugins/elementor/includes/base/controls-stack.php on line 1109 and defined in /Users/evgeniisharaborin/Documents/websites/wordpress/wp-content/plugins/elementor/includes/base/controls-stack.php:2414
Stack trace:
#0 /Users/evgeniisharaborin/Documents/websites/wordpress/wp-content/plugins/elementor/includes/base/controls-stack.php(1109): Elementor\Controls_Stack->sanitize_settings(NULL)
#1 /Users/evgeniisharaborin/Documents/websites/wordpress/wp-content/plugins/elementor/includes/base/controls-stack.php(2163): Elementor\Controls_Stack->get_data('settings')
#2 /Users/evgeniisharaborin/Documents/websites/wordpress/wp-content/plugins/elementor/core/base/base-object.php(142): Elementor\Controls_Stack->get_init_settings()
#3 /Users/evgeniisharaborin/Documents/websites/wordpress/wp-content/plugins/elementor/core/base/b in /Users/evgeniisharaborin/Documents/websites/wordpress/wp-content/plugins/elementor/includes/base/controls-stack.php on line 2414
[12-Jun-2023 17:30:24 UTC] I am here
[12-Jun-2023 17:30:24 UTC] PHP Notice:  Trying to access array offset on value of type null in /Users/evgeniisharaborin/Documents/websites/wordpress/wp-content/plugins/elementor/includes/base/controls-stack.php on line 1109
[12-Jun-2023 17:30:24 UTC] PHP Fatal error:  Uncaught TypeError: Argument 1 passed to Elementor\Controls_Stack::sanitize_settings() must be of the type array, null given, called in /Users/evgeniisharaborin/Documents/websites/wordpress/wp-content/plugins/elementor/includes/base/controls-stack.php on line 1109 and defined in /Users/evgeniisharaborin/Documents/websites/wordpress/wp-content/plugins/elementor/includes/base/controls-stack.php:2414
Stack trace:
#0 /Users/evgeniisharaborin/Documents/websites/wordpress/wp-content/plugins/elementor/includes/base/controls-stack.php(1109): Elementor\Controls_Stack->sanitize_settings(NULL)
#1 /Users/evgeniisharaborin/Documents/websites/wordpress/wp-content/plugins/elementor/includes/base/controls-stack.php(2163): Elementor\Controls_Stack->get_data('settings')
#2 /Users/evgeniisharaborin/Documents/websites/wordpress/wp-content/plugins/elementor/core/base/base-object.php(142): Elementor\Controls_Stack->get_init_settings()
#3 /Users/evgeniisharaborin/Documents/websites/wordpress/wp-content/plugins/elementor/core/base/b in /Users/evgeniisharaborin/Documents/websites/wordpress/wp-content/plugins/elementor/includes/base/controls-stack.php on line 2414
[12-Jun-2023 17:30:35 UTC] I am here
[12-Jun-2023 17:30:35 UTC] PHP Notice:  Trying to access array offset on value of type null in /Users/evgeniisharaborin/Documents/websites/wordpress/wp-content/plugins/elementor/includes/base/controls-stack.php on line 1109
[12-Jun-2023 17:30:35 UTC] PHP Fatal error:  Uncaught TypeError: Argument 1 passed to Elementor\Controls_Stack::sanitize_settings() must be of the type array, null given, called in /Users/evgeniisharaborin/Documents/websites/wordpress/wp-content/plugins/elementor/includes/base/controls-stack.php on line 1109 and defined in /Users/evgeniisharaborin/Documents/websites/wordpress/wp-content/plugins/elementor/includes/base/controls-stack.php:2414
Stack trace:
#0 /Users/evgeniisharaborin/Documents/websites/wordpress/wp-content/plugins/elementor/includes/base/controls-stack.php(1109): Elementor\Controls_Stack->sanitize_settings(NULL)
#1 /Users/evgeniisharaborin/Documents/websites/wordpress/wp-content/plugins/elementor/includes/base/controls-stack.php(2163): Elementor\Controls_Stack->get_data('settings')
#2 /Users/evgeniisharaborin/Documents/websites/wordpress/wp-content/plugins/elementor/core/base/base-object.php(142): Elementor\Controls_Stack->get_init_settings()
#3 /Users/evgeniisharaborin/Documents/websites/wordpress/wp-content/plugins/elementor/core/base/b in /Users/evgeniisharaborin/Documents/websites/wordpress/wp-content/plugins/elementor/includes/base/controls-stack.php on line 2414
[12-Jun-2023 17:31:35 UTC] I am here
[12-Jun-2023 17:31:35 UTC] PHP Notice:  Trying to access array offset on value of type null in /Users/evgeniisharaborin/Documents/websites/wordpress/wp-content/plugins/elementor/includes/base/controls-stack.php on line 1109
[12-Jun-2023 17:31:35 UTC] PHP Fatal error:  Uncaught TypeError: Argument 1 passed to Elementor\Controls_Stack::sanitize_settings() must be of the type array, null given, called in /Users/evgeniisharaborin/Documents/websites/wordpress/wp-content/plugins/elementor/includes/base/controls-stack.php on line 1109 and defined in /Users/evgeniisharaborin/Documents/websites/wordpress/wp-content/plugins/elementor/includes/base/controls-stack.php:2414
Stack trace:
#0 /Users/evgeniisharaborin/Documents/websites/wordpress/wp-content/plugins/elementor/includes/base/controls-stack.php(1109): Elementor\Controls_Stack->sanitize_settings(NULL)
#1 /Users/evgeniisharaborin/Documents/websites/wordpress/wp-content/plugins/elementor/includes/base/controls-stack.php(2163): Elementor\Controls_Stack->get_data('settings')
#2 /Users/evgeniisharaborin/Documents/websites/wordpress/wp-content/plugins/elementor/core/base/base-object.php(142): Elementor\Controls_Stack->get_init_settings()
#3 /Users/evgeniisharaborin/Documents/websites/wordpress/wp-content/plugins/elementor/core/base/b in /Users/evgeniisharaborin/Documents/websites/wordpress/wp-content/plugins/elementor/includes/base/controls-stack.php on line 2414
[12-Jun-2023 17:32:02 UTC] I am here
[12-Jun-2023 17:32:02 UTC] PHP Notice:  Trying to access array offset on value of type null in /Users/evgeniisharaborin/Documents/websites/wordpress/wp-content/plugins/elementor/includes/base/controls-stack.php on line 1109
[12-Jun-2023 17:32:02 UTC] PHP Fatal error:  Uncaught TypeError: Argument 1 passed to Elementor\Controls_Stack::sanitize_settings() must be of the type array, null given, called in /Users/evgeniisharaborin/Documents/websites/wordpress/wp-content/plugins/elementor/includes/base/controls-stack.php on line 1109 and defined in /Users/evgeniisharaborin/Documents/websites/wordpress/wp-content/plugins/elementor/includes/base/controls-stack.php:2414
Stack trace:
#0 /Users/evgeniisharaborin/Documents/websites/wordpress/wp-content/plugins/elementor/includes/base/controls-stack.php(1109): Elementor\Controls_Stack->sanitize_settings(NULL)
#1 /Users/evgeniisharaborin/Documents/websites/wordpress/wp-content/plugins/elementor/includes/base/controls-stack.php(2163): Elementor\Controls_Stack->get_data('settings')
#2 /Users/evgeniisharaborin/Documents/websites/wordpress/wp-content/plugins/elementor/core/base/base-object.php(142): Elementor\Controls_Stack->get_init_settings()
#3 /Users/evgeniisharaborin/Documents/websites/wordpress/wp-content/plugins/elementor/core/base/b in /Users/evgeniisharaborin/Documents/websites/wordpress/wp-content/plugins/elementor/includes/base/controls-stack.php on line 2414
[12-Jun-2023 17:55:28 UTC] Apply-buttonno
[12-Jun-2023 17:55:30 UTC] PHP Notice:  Function Elementor\Controls_Manager::add_control_to_stack was called <strong>incorrectly</strong>. Cannot redeclare control with same name "taxonomy". Please see <a href="https://wordpress.org/documentation/article/debugging-in-wordpress/">Debugging in WordPress</a> for more information. (This message was added in version 1.0.0.) in /Users/evgeniisharaborin/Documents/websites/wordpress/wp-includes/functions.php on line 5865
[12-Jun-2023 17:55:57 UTC] Apply-buttonno
[12-Jun-2023 17:55:59 UTC] PHP Notice:  Function Elementor\Controls_Manager::add_control_to_stack was called <strong>incorrectly</strong>. Cannot redeclare control with same name "taxonomy". Please see <a href="https://wordpress.org/documentation/article/debugging-in-wordpress/">Debugging in WordPress</a> for more information. (This message was added in version 1.0.0.) in /Users/evgeniisharaborin/Documents/websites/wordpress/wp-includes/functions.php on line 5865
[12-Jun-2023 17:57:34 UTC] Apply-buttonno
[12-Jun-2023 17:57:36 UTC] PHP Notice:  Function Elementor\Controls_Manager::add_control_to_stack was called <strong>incorrectly</strong>. Cannot redeclare control with same name "taxonomy". Please see <a href="https://wordpress.org/documentation/article/debugging-in-wordpress/">Debugging in WordPress</a> for more information. (This message was added in version 1.0.0.) in /Users/evgeniisharaborin/Documents/websites/wordpress/wp-includes/functions.php on line 5865
[12-Jun-2023 18:07:14 UTC] Apply-buttonno
[12-Jun-2023 18:07:16 UTC] PHP Notice:  Function Elementor\Controls_Manager::add_control_to_stack was called <strong>incorrectly</strong>. Cannot redeclare control with same name "taxonomy". Please see <a href="https://wordpress.org/documentation/article/debugging-in-wordpress/">Debugging in WordPress</a> for more information. (This message was added in version 1.0.0.) in /Users/evgeniisharaborin/Documents/websites/wordpress/wp-includes/functions.php on line 5865
[14-Jun-2023 07:33:32 UTC] PHP Deprecated:  Hook login_headertitle is <strong>deprecated</strong> since version 5.2.0! Use login_headertext instead. Usage of the title attribute on the login logo is not recommended for accessibility reasons. Use the link text instead. in /Users/evgeniisharaborin/Documents/websites/wordpress/wp-includes/functions.php on line 5788
[14-Jun-2023 07:33:34 UTC] PHP Deprecated:  Hook login_headertitle is <strong>deprecated</strong> since version 5.2.0! Use login_headertext instead. Usage of the title attribute on the login logo is not recommended for accessibility reasons. Use the link text instead. in /Users/evgeniisharaborin/Documents/websites/wordpress/wp-includes/functions.php on line 5788
[14-Jun-2023 07:33:35 UTC] PHP Deprecated:  Hook login_headertitle is <strong>deprecated</strong> since version 5.2.0! Use login_headertext instead. Usage of the title attribute on the login logo is not recommended for accessibility reasons. Use the link text instead. in /Users/evgeniisharaborin/Documents/websites/wordpress/wp-includes/functions.php on line 5788
[16-Jun-2023 18:27:15 UTC] PHP Deprecated:  Hook login_headertitle is <strong>deprecated</strong> since version 5.2.0! Use login_headertext instead. Usage of the title attribute on the login logo is not recommended for accessibility reasons. Use the link text instead. in /Users/evgeniisharaborin/Documents/websites/wordpress/wp-includes/functions.php on line 5788
[22-Jun-2023 08:21:27 UTC] PHP Deprecated:  Hook login_headertitle is <strong>deprecated</strong> since version 5.2.0! Use login_headertext instead. Usage of the title attribute on the login logo is not recommended for accessibility reasons. Use the link text instead. in /Users/evgeniisharaborin/Documents/websites/wordpress/wp-includes/functions.php on line 5788
[22-Jun-2023 08:22:47 UTC] Apply-buttonno
[22-Jun-2023 08:22:49 UTC] PHP Notice:  Function Elementor\Controls_Manager::add_control_to_stack was called <strong>incorrectly</strong>. Cannot redeclare control with same name "taxonomy". Please see <a href="https://wordpress.org/documentation/article/debugging-in-wordpress/">Debugging in WordPress</a> for more information. (This message was added in version 1.0.0.) in /Users/evgeniisharaborin/Documents/websites/wordpress/wp-includes/functions.php on line 5865
[22-Jun-2023 08:23:27 UTC] PHP Notice:  Undefined index: desc in /Users/evgeniisharaborin/Documents/websites/wordpress/wp-content/plugins/vibebp/includes/class.settings.php on line 982
[22-Jun-2023 08:45:12 UTC] PHP Notice:  Function Elementor\Controls_Manager::add_control_to_stack was called <strong>incorrectly</strong>. Cannot redeclare control with same name "taxonomy". Please see <a href="https://wordpress.org/documentation/article/debugging-in-wordpress/">Debugging in WordPress</a> for more information. (This message was added in version 1.0.0.) in /Users/evgeniisharaborin/Documents/websites/wordpress/wp-includes/functions.php on line 5865
[22-Jun-2023 09:03:33 UTC] PHP Notice:  Undefined index: desc in /Users/evgeniisharaborin/Documents/websites/wordpress/wp-content/plugins/vibebp/includes/class.settings.php on line 1100
[22-Jun-2023 09:55:54 UTC] Apply-buttonno
[23-Jun-2023 06:22:42 UTC] PHP Notice:  Undefined index: desc in /Users/evgeniisharaborin/Documents/websites/wordpress/wp-content/plugins/vibebp/includes/class.settings.php on line 1100
[23-Jun-2023 06:23:00 UTC] PHP Notice:  Undefined index: desc in /Users/evgeniisharaborin/Documents/websites/wordpress/wp-content/plugins/vibebp/includes/class.settings.php on line 1100
