2023-07-13T15:47:18+00:00 CRITICAL Uncaught Error: Call to a member function generate_iframe_attributes() on null in /Users/evgeniisharaborin/Documents/websites/wordpress/wp-content/plugins/code_assignment/code_assignment.php:318
Stack trace:
#0 /Users/evgeniisharaborin/Documents/websites/wordpress/wp-content/plugins/elementor/includes/base/controls-stack.php(2268): WPC\Widgets\CodeAssignment->render()
#1 /Users/evgeniisharaborin/Documents/websites/wordpress/wp-content/plugins/elementor/includes/base/widget-base.php(609): Elementor\Controls_Stack->render_by_mode()
#2 /Users/evgeniisharaborin/Documents/websites/wordpress/wp-content/plugins/elementor/includes/base/widget-base.php(750): Elementor\Widget_Base->render_content()
#3 /Users/evgeniisharaborin/Documents/websites/wordpress/wp-content/plugins/elementor/includes/base/element-base.php(449): Elementor\Widget_Base->print_content()
#4 /Users/evgeniisharaborin/Documents/websites/wordpress/wp-content/plugins/elementor/includes/base/element-base.php(1354): Elementor\Element_Base->print_element()
 in /Users/evgeniisharaborin/Documents/websites/wordpress/wp-content/plugins/code_assignment/code_assignment.php on line 318

2023-07-13T15:49:23+00:00 CRITICAL Uncaught Error: Call to a member function generate_iframe_attributes() on null in /Users/evgeniisharaborin/Documents/websites/wordpress/wp-content/plugins/code_assignment/code_assignment.php:318
Stack trace:
#0 /Users/evgeniisharaborin/Documents/websites/wordpress/wp-content/plugins/elementor/includes/base/controls-stack.php(2268): WPC\Widgets\CodeAssignment->render()
#1 /Users/evgeniisharaborin/Documents/websites/wordpress/wp-content/plugins/elementor/includes/base/widget-base.php(609): Elementor\Controls_Stack->render_by_mode()
#2 /Users/evgeniisharaborin/Documents/websites/wordpress/wp-content/plugins/elementor/includes/base/widget-base.php(750): Elementor\Widget_Base->render_content()
#3 /Users/evgeniisharaborin/Documents/websites/wordpress/wp-content/plugins/elementor/includes/base/element-base.php(449): Elementor\Widget_Base->print_content()
#4 /Users/evgeniisharaborin/Documents/websites/wordpress/wp-content/plugins/elementor/includes/base/element-base.php(1354): Elementor\Element_Base->print_element()
 in /Users/evgeniisharaborin/Documents/websites/wordpress/wp-content/plugins/code_assignment/code_assignment.php on line 318

2023-07-13T15:50:34+00:00 CRITICAL Uncaught Error: Call to a member function generate_iframe_attributes() on null in /Users/evgeniisharaborin/Documents/websites/wordpress/wp-content/plugins/code_assignment/code_assignment.php:319
Stack trace:
#0 /Users/evgeniisharaborin/Documents/websites/wordpress/wp-content/plugins/elementor/includes/base/controls-stack.php(2268): WPC\Widgets\CodeAssignment->render()
#1 /Users/evgeniisharaborin/Documents/websites/wordpress/wp-content/plugins/elementor/includes/base/widget-base.php(609): Elementor\Controls_Stack->render_by_mode()
#2 /Users/evgeniisharaborin/Documents/websites/wordpress/wp-content/plugins/elementor/includes/base/widget-base.php(750): Elementor\Widget_Base->render_content()
#3 /Users/evgeniisharaborin/Documents/websites/wordpress/wp-content/plugins/elementor/includes/base/element-base.php(449): Elementor\Widget_Base->print_content()
#4 /Users/evgeniisharaborin/Documents/websites/wordpress/wp-content/plugins/elementor/includes/base/element-base.php(1354): Elementor\Element_Base->print_element()
 in /Users/evgeniisharaborin/Documents/websites/wordpress/wp-content/plugins/code_assignment/code_assignment.php on line 319

2023-07-13T15:50:40+00:00 CRITICAL Uncaught Error: Call to a member function generate_iframe_attributes() on null in /Users/evgeniisharaborin/Documents/websites/wordpress/wp-content/plugins/code_assignment/code_assignment.php:319
Stack trace:
#0 /Users/evgeniisharaborin/Documents/websites/wordpress/wp-content/plugins/elementor/includes/base/controls-stack.php(2268): WPC\Widgets\CodeAssignment->render()
#1 /Users/evgeniisharaborin/Documents/websites/wordpress/wp-content/plugins/elementor/includes/base/widget-base.php(609): Elementor\Controls_Stack->render_by_mode()
#2 /Users/evgeniisharaborin/Documents/websites/wordpress/wp-content/plugins/elementor/includes/base/widget-base.php(750): Elementor\Widget_Base->render_content()
#3 /Users/evgeniisharaborin/Documents/websites/wordpress/wp-content/plugins/elementor/includes/base/element-base.php(449): Elementor\Widget_Base->print_content()
#4 /Users/evgeniisharaborin/Documents/websites/wordpress/wp-content/plugins/elementor/includes/base/element-base.php(1354): Elementor\Element_Base->print_element()
 in /Users/evgeniisharaborin/Documents/websites/wordpress/wp-content/plugins/code_assignment/code_assignment.php on line 319

2023-07-13T15:57:33+00:00 CRITICAL Uncaught Error: Call to a member function generate_iframe_attributes() on null in /Users/evgeniisharaborin/Documents/websites/wordpress/wp-content/plugins/code_assignment/code_assignment.php:324
Stack trace:
#0 /Users/evgeniisharaborin/Documents/websites/wordpress/wp-content/plugins/elementor/includes/base/controls-stack.php(2268): WPC\Widgets\CodeAssignment->render()
#1 /Users/evgeniisharaborin/Documents/websites/wordpress/wp-content/plugins/elementor/includes/base/widget-base.php(609): Elementor\Controls_Stack->render_by_mode()
#2 /Users/evgeniisharaborin/Documents/websites/wordpress/wp-content/plugins/elementor/includes/base/widget-base.php(750): Elementor\Widget_Base->render_content()
#3 /Users/evgeniisharaborin/Documents/websites/wordpress/wp-content/plugins/elementor/includes/base/element-base.php(449): Elementor\Widget_Base->print_content()
#4 /Users/evgeniisharaborin/Documents/websites/wordpress/wp-content/plugins/elementor/includes/base/element-base.php(1354): Elementor\Element_Base->print_element()
 in /Users/evgeniisharaborin/Documents/websites/wordpress/wp-content/plugins/code_assignment/code_assignment.php on line 324

2023-07-13T15:58:47+00:00 CRITICAL Uncaught Error: Call to a member function generate_iframe_attributes() on null in /Users/evgeniisharaborin/Documents/websites/wordpress/wp-content/plugins/code_assignment/code_assignment.php:326
Stack trace:
#0 /Users/evgeniisharaborin/Documents/websites/wordpress/wp-content/plugins/elementor/includes/base/controls-stack.php(2268): WPC\Widgets\CodeAssignment->render()
#1 /Users/evgeniisharaborin/Documents/websites/wordpress/wp-content/plugins/elementor/includes/base/widget-base.php(609): Elementor\Controls_Stack->render_by_mode()
#2 /Users/evgeniisharaborin/Documents/websites/wordpress/wp-content/plugins/elementor/includes/base/widget-base.php(750): Elementor\Widget_Base->render_content()
#3 /Users/evgeniisharaborin/Documents/websites/wordpress/wp-content/plugins/elementor/includes/base/element-base.php(449): Elementor\Widget_Base->print_content()
#4 /Users/evgeniisharaborin/Documents/websites/wordpress/wp-content/plugins/elementor/includes/base/element-base.php(1354): Elementor\Element_Base->print_element()
 in /Users/evgeniisharaborin/Documents/websites/wordpress/wp-content/plugins/code_assignment/code_assignment.php on line 326

2023-07-13T15:59:57+00:00 CRITICAL Uncaught ArgumentCountError: Too few arguments to function WPC\Widgets\Trinket_SUOT::generate_iframe_attributes(), 0 passed in /Users/evgeniisharaborin/Documents/websites/wordpress/wp-content/plugins/code_assignment/code_assignment.php on line 326 and exactly 1 expected in /Users/evgeniisharaborin/Documents/websites/wordpress/wp-content/plugins/code_assignment/code_assignment.php:73
Stack trace:
#0 /Users/evgeniisharaborin/Documents/websites/wordpress/wp-content/plugins/code_assignment/code_assignment.php(326): WPC\Widgets\Trinket_SUOT->generate_iframe_attributes()
#1 /Users/evgeniisharaborin/Documents/websites/wordpress/wp-content/plugins/elementor/includes/base/controls-stack.php(2268): WPC\Widgets\CodeAssignment->render()
#2 /Users/evgeniisharaborin/Documents/websites/wordpress/wp-content/plugins/elementor/includes/base/widget-base.php(609): Elementor\Controls_Stack->render_by_mode()
#3 /Users/evgeniisharaborin/Documents/websites/wordpress/wp-content/plugins/elementor/includes/base/widget-base.php(750): El in /Users/evgeniisharaborin/Documents/websites/wordpress/wp-content/plugins/code_assignment/code_assignment.php on line 73

2023-07-13T16:00:53+00:00 CRITICAL Uncaught ArgumentCountError: Too few arguments to function WPC\Widgets\Trinket_SUOT::generate_iframe_attributes(), 0 passed in /Users/evgeniisharaborin/Documents/websites/wordpress/wp-content/plugins/code_assignment/code_assignment.php on line 326 and exactly 1 expected in /Users/evgeniisharaborin/Documents/websites/wordpress/wp-content/plugins/code_assignment/code_assignment.php:73
Stack trace:
#0 /Users/evgeniisharaborin/Documents/websites/wordpress/wp-content/plugins/code_assignment/code_assignment.php(326): WPC\Widgets\Trinket_SUOT->generate_iframe_attributes()
#1 /Users/evgeniisharaborin/Documents/websites/wordpress/wp-content/plugins/elementor/includes/base/controls-stack.php(2268): WPC\Widgets\CodeAssignment->render()
#2 /Users/evgeniisharaborin/Documents/websites/wordpress/wp-content/plugins/elementor/includes/base/widget-base.php(609): Elementor\Controls_Stack->render_by_mode()
#3 /Users/evgeniisharaborin/Documents/websites/wordpress/wp-content/plugins/elementor/includes/base/widget-base.php(750): El in /Users/evgeniisharaborin/Documents/websites/wordpress/wp-content/plugins/code_assignment/code_assignment.php on line 73

2023-07-13T16:01:03+00:00 CRITICAL Uncaught ArgumentCountError: Too few arguments to function WPC\Widgets\Trinket_SUOT::generate_iframe_attributes(), 0 passed in /Users/evgeniisharaborin/Documents/websites/wordpress/wp-content/plugins/code_assignment/code_assignment.php on line 326 and exactly 1 expected in /Users/evgeniisharaborin/Documents/websites/wordpress/wp-content/plugins/code_assignment/code_assignment.php:73
Stack trace:
#0 /Users/evgeniisharaborin/Documents/websites/wordpress/wp-content/plugins/code_assignment/code_assignment.php(326): WPC\Widgets\Trinket_SUOT->generate_iframe_attributes()
#1 /Users/evgeniisharaborin/Documents/websites/wordpress/wp-content/plugins/elementor/includes/base/controls-stack.php(2268): WPC\Widgets\CodeAssignment->render()
#2 /Users/evgeniisharaborin/Documents/websites/wordpress/wp-content/plugins/elementor/includes/base/widget-base.php(609): Elementor\Controls_Stack->render_by_mode()
#3 /Users/evgeniisharaborin/Documents/websites/wordpress/wp-content/plugins/elementor/includes/base/widget-base.php(750): El in /Users/evgeniisharaborin/Documents/websites/wordpress/wp-content/plugins/code_assignment/code_assignment.php on line 73

