2023-07-18T17:15:27+00:00 CRITICAL syntax error, unexpected '{' in /Users/evgeniisharaborin/Documents/websites/wordpress/wp-content/plugins/code_assignment/code_assignment.php on line 98

2023-07-18T17:15:30+00:00 CRITICAL syntax error, unexpected '{' in /Users/evgeniisharaborin/Documents/websites/wordpress/wp-content/plugins/code_assignment/code_assignment.php on line 98

2023-07-18T17:15:43+00:00 CRITICAL syntax error, unexpected '{' in /Users/evgeniisharaborin/Documents/websites/wordpress/wp-content/plugins/code_assignment/code_assignment.php on line 98

2023-07-18T17:15:45+00:00 CRITICAL syntax error, unexpected '{' in /Users/evgeniisharaborin/Documents/websites/wordpress/wp-content/plugins/code_assignment/code_assignment.php on line 98

2023-07-18T17:15:52+00:00 CRITICAL syntax error, unexpected '{' in /Users/evgeniisharaborin/Documents/websites/wordpress/wp-content/plugins/code_assignment/code_assignment.php on line 98

2023-07-18T18:13:15+00:00 CRITICAL Uncaught Error: Call to undefined method WPC\Widgets\CodeAssignment::generate_iframe_attributes_for_elementor_js() in /Users/evgeniisharaborin/Documents/websites/wordpress/wp-content/plugins/code_assignment/code_assignment.php:424
Stack trace:
#0 /Users/evgeniisharaborin/Documents/websites/wordpress/wp-content/plugins/elementor/includes/base/controls-stack.php(1992): WPC\Widgets\CodeAssignment->_content_template()
#1 /Users/evgeniisharaborin/Documents/websites/wordpress/wp-content/plugins/elementor/includes/managers/widgets.php(510): Elementor\Controls_Stack->print_template()
#2 /Users/evgeniisharaborin/Documents/websites/wordpress/wp-content/plugins/elementor/core/editor/editor.php(491): Elementor\Widgets_Manager->render_widgets_content()
#3 /Users/evgeniisharaborin/Documents/websites/wordpress/wp-includes/class-wp-hook.php(308): Elementor\Core\Editor\Editor->wp_footer('')
#4 /Users/evgeniisharaborin/Documents/websites/wordpress/wp-includes/class-wp-hook.php(332): WP_Hook->apply_filters('', Array)
#5 /Users/ in /Users/evgeniisharaborin/Documents/websites/wordpress/wp-content/plugins/code_assignment/code_assignment.php on line 424

2023-07-18T18:14:46+00:00 CRITICAL Uncaught Error: Call to undefined method WPC\Widgets\CodeAssignment::generate_iframe_attributes_for_elementor_js() in /Users/evgeniisharaborin/Documents/websites/wordpress/wp-content/plugins/code_assignment/code_assignment.php:424
Stack trace:
#0 /Users/evgeniisharaborin/Documents/websites/wordpress/wp-content/plugins/elementor/includes/base/controls-stack.php(1992): WPC\Widgets\CodeAssignment->_content_template()
#1 /Users/evgeniisharaborin/Documents/websites/wordpress/wp-content/plugins/elementor/includes/managers/widgets.php(510): Elementor\Controls_Stack->print_template()
#2 /Users/evgeniisharaborin/Documents/websites/wordpress/wp-content/plugins/elementor/core/editor/editor.php(491): Elementor\Widgets_Manager->render_widgets_content()
#3 /Users/evgeniisharaborin/Documents/websites/wordpress/wp-includes/class-wp-hook.php(308): Elementor\Core\Editor\Editor->wp_footer('')
#4 /Users/evgeniisharaborin/Documents/websites/wordpress/wp-includes/class-wp-hook.php(332): WP_Hook->apply_filters('', Array)
#5 /Users/ in /Users/evgeniisharaborin/Documents/websites/wordpress/wp-content/plugins/code_assignment/code_assignment.php on line 424

2023-07-18T18:20:09+00:00 CRITICAL Uncaught Error: Call to a member function generate_iframe_attributes() on null in /Users/evgeniisharaborin/Documents/websites/wordpress/wp-content/plugins/code_assignment/code_assignment.php:360
Stack trace:
#0 /Users/evgeniisharaborin/Documents/websites/wordpress/wp-content/plugins/elementor/includes/base/controls-stack.php(2268): WPC\Widgets\CodeAssignment->render()
#1 /Users/evgeniisharaborin/Documents/websites/wordpress/wp-content/plugins/elementor/includes/base/widget-base.php(609): Elementor\Controls_Stack->render_by_mode()
#2 /Users/evgeniisharaborin/Documents/websites/wordpress/wp-content/plugins/elementor/includes/base/widget-base.php(733): Elementor\Widget_Base->render_content()
#3 /Users/evgeniisharaborin/Documents/websites/wordpress/wp-content/plugins/elementor/includes/base/element-base.php(536): Elementor\Widget_Base->get_raw_data(true)
#4 /Users/evgeniisharaborin/Documents/websites/wordpress/wp-content/plugins/elementor/includes/base/element-base.php(536): Elementor\Element_Base->get_raw_data(t in /Users/evgeniisharaborin/Documents/websites/wordpress/wp-content/plugins/code_assignment/code_assignment.php on line 360

2023-07-18T18:25:44+00:00 CRITICAL Uncaught Error: Call to a member function generate_iframe_attributes_for_elementor_js() on null in /Users/evgeniisharaborin/Documents/websites/wordpress/wp-content/plugins/code_assignment/code_assignment.php:430
Stack trace:
#0 /Users/evgeniisharaborin/Documents/websites/wordpress/wp-content/plugins/elementor/includes/base/controls-stack.php(1992): WPC\Widgets\CodeAssignment->_content_template()
#1 /Users/evgeniisharaborin/Documents/websites/wordpress/wp-content/plugins/elementor/includes/managers/widgets.php(510): Elementor\Controls_Stack->print_template()
#2 /Users/evgeniisharaborin/Documents/websites/wordpress/wp-content/plugins/elementor/core/editor/editor.php(491): Elementor\Widgets_Manager->render_widgets_content()
#3 /Users/evgeniisharaborin/Documents/websites/wordpress/wp-includes/class-wp-hook.php(308): Elementor\Core\Editor\Editor->wp_footer('')
#4 /Users/evgeniisharaborin/Documents/websites/wordpress/wp-includes/class-wp-hook.php(332): WP_Hook->apply_filters('', Array)
#5 /Users/evgeniisharaborin/D in /Users/evgeniisharaborin/Documents/websites/wordpress/wp-content/plugins/code_assignment/code_assignment.php on line 430

2023-07-18T18:27:23+00:00 CRITICAL Uncaught TypeError: Argument 1 passed to Elementor\Controls_Stack::sanitize_settings() must be of the type array, null given, called in /Users/evgeniisharaborin/Documents/websites/wordpress/wp-content/plugins/elementor/includes/base/controls-stack.php on line 1109 and defined in /Users/evgeniisharaborin/Documents/websites/wordpress/wp-content/plugins/elementor/includes/base/controls-stack.php:2414
Stack trace:
#0 /Users/evgeniisharaborin/Documents/websites/wordpress/wp-content/plugins/elementor/includes/base/controls-stack.php(1109): Elementor\Controls_Stack->sanitize_settings(NULL)
#1 /Users/evgeniisharaborin/Documents/websites/wordpress/wp-content/plugins/elementor/includes/base/controls-stack.php(2163): Elementor\Controls_Stack->get_data('settings')
#2 /Users/evgeniisharaborin/Documents/websites/wordpress/wp-content/plugins/elementor/core/base/base-object.php(142): Elementor\Controls_Stack->get_init_settings()
#3 /Users/evgeniisharaborin/Documents/websites/wordpress/wp-content/plugins/elementor/core/base/b in /Users/evgeniisharaborin/Documents/websites/wordpress/wp-content/plugins/elementor/includes/base/controls-stack.php on line 2414

2023-07-18T18:27:28+00:00 CRITICAL Uncaught TypeError: Argument 1 passed to Elementor\Controls_Stack::sanitize_settings() must be of the type array, null given, called in /Users/evgeniisharaborin/Documents/websites/wordpress/wp-content/plugins/elementor/includes/base/controls-stack.php on line 1109 and defined in /Users/evgeniisharaborin/Documents/websites/wordpress/wp-content/plugins/elementor/includes/base/controls-stack.php:2414
Stack trace:
#0 /Users/evgeniisharaborin/Documents/websites/wordpress/wp-content/plugins/elementor/includes/base/controls-stack.php(1109): Elementor\Controls_Stack->sanitize_settings(NULL)
#1 /Users/evgeniisharaborin/Documents/websites/wordpress/wp-content/plugins/elementor/includes/base/controls-stack.php(2163): Elementor\Controls_Stack->get_data('settings')
#2 /Users/evgeniisharaborin/Documents/websites/wordpress/wp-content/plugins/elementor/core/base/base-object.php(142): Elementor\Controls_Stack->get_init_settings()
#3 /Users/evgeniisharaborin/Documents/websites/wordpress/wp-content/plugins/elementor/core/base/b in /Users/evgeniisharaborin/Documents/websites/wordpress/wp-content/plugins/elementor/includes/base/controls-stack.php on line 2414

2023-07-18T18:30:09+00:00 CRITICAL Uncaught TypeError: Argument 1 passed to Elementor\Controls_Stack::sanitize_settings() must be of the type array, null given, called in /Users/evgeniisharaborin/Documents/websites/wordpress/wp-content/plugins/elementor/includes/base/controls-stack.php on line 1109 and defined in /Users/evgeniisharaborin/Documents/websites/wordpress/wp-content/plugins/elementor/includes/base/controls-stack.php:2414
Stack trace:
#0 /Users/evgeniisharaborin/Documents/websites/wordpress/wp-content/plugins/elementor/includes/base/controls-stack.php(1109): Elementor\Controls_Stack->sanitize_settings(NULL)
#1 /Users/evgeniisharaborin/Documents/websites/wordpress/wp-content/plugins/elementor/includes/base/controls-stack.php(2163): Elementor\Controls_Stack->get_data('settings')
#2 /Users/evgeniisharaborin/Documents/websites/wordpress/wp-content/plugins/elementor/core/base/base-object.php(142): Elementor\Controls_Stack->get_init_settings()
#3 /Users/evgeniisharaborin/Documents/websites/wordpress/wp-content/plugins/elementor/core/base/b in /Users/evgeniisharaborin/Documents/websites/wordpress/wp-content/plugins/elementor/includes/base/controls-stack.php on line 2414

2023-07-18T18:31:16+00:00 CRITICAL Uncaught Error: Call to a member function generate_iframe_attributes_for_elementor_js() on null in /Users/evgeniisharaborin/Documents/websites/wordpress/wp-content/plugins/code_assignment/code_assignment.php:434
Stack trace:
#0 /Users/evgeniisharaborin/Documents/websites/wordpress/wp-content/plugins/elementor/includes/base/controls-stack.php(1992): WPC\Widgets\CodeAssignment->_content_template()
#1 /Users/evgeniisharaborin/Documents/websites/wordpress/wp-content/plugins/elementor/includes/managers/widgets.php(510): Elementor\Controls_Stack->print_template()
#2 /Users/evgeniisharaborin/Documents/websites/wordpress/wp-content/plugins/elementor/core/editor/editor.php(491): Elementor\Widgets_Manager->render_widgets_content()
#3 /Users/evgeniisharaborin/Documents/websites/wordpress/wp-includes/class-wp-hook.php(308): Elementor\Core\Editor\Editor->wp_footer('')
#4 /Users/evgeniisharaborin/Documents/websites/wordpress/wp-includes/class-wp-hook.php(332): WP_Hook->apply_filters('', Array)
#5 /Users/evgeniisharaborin/D in /Users/evgeniisharaborin/Documents/websites/wordpress/wp-content/plugins/code_assignment/code_assignment.php on line 434

2023-07-18T18:32:29+00:00 CRITICAL Uncaught Error: Call to a member function generate_iframe_attributes_for_elementor_js() on null in /Users/evgeniisharaborin/Documents/websites/wordpress/wp-content/plugins/code_assignment/code_assignment.php:435
Stack trace:
#0 /Users/evgeniisharaborin/Documents/websites/wordpress/wp-content/plugins/elementor/includes/base/controls-stack.php(1992): WPC\Widgets\CodeAssignment->_content_template()
#1 /Users/evgeniisharaborin/Documents/websites/wordpress/wp-content/plugins/elementor/includes/managers/widgets.php(510): Elementor\Controls_Stack->print_template()
#2 /Users/evgeniisharaborin/Documents/websites/wordpress/wp-content/plugins/elementor/core/editor/editor.php(491): Elementor\Widgets_Manager->render_widgets_content()
#3 /Users/evgeniisharaborin/Documents/websites/wordpress/wp-includes/class-wp-hook.php(308): Elementor\Core\Editor\Editor->wp_footer('')
#4 /Users/evgeniisharaborin/Documents/websites/wordpress/wp-includes/class-wp-hook.php(332): WP_Hook->apply_filters('', Array)
#5 /Users/evgeniisharaborin/D in /Users/evgeniisharaborin/Documents/websites/wordpress/wp-content/plugins/code_assignment/code_assignment.php on line 435

2023-07-18T18:33:11+00:00 CRITICAL Uncaught Error: Call to a member function generate_iframe_attributes_for_elementor_js() on null in /Users/evgeniisharaborin/Documents/websites/wordpress/wp-content/plugins/code_assignment/code_assignment.php:435
Stack trace:
#0 /Users/evgeniisharaborin/Documents/websites/wordpress/wp-content/plugins/elementor/includes/base/controls-stack.php(1992): WPC\Widgets\CodeAssignment->_content_template()
#1 /Users/evgeniisharaborin/Documents/websites/wordpress/wp-content/plugins/elementor/includes/managers/widgets.php(510): Elementor\Controls_Stack->print_template()
#2 /Users/evgeniisharaborin/Documents/websites/wordpress/wp-content/plugins/elementor/core/editor/editor.php(491): Elementor\Widgets_Manager->render_widgets_content()
#3 /Users/evgeniisharaborin/Documents/websites/wordpress/wp-includes/class-wp-hook.php(308): Elementor\Core\Editor\Editor->wp_footer('')
#4 /Users/evgeniisharaborin/Documents/websites/wordpress/wp-includes/class-wp-hook.php(332): WP_Hook->apply_filters('', Array)
#5 /Users/evgeniisharaborin/D in /Users/evgeniisharaborin/Documents/websites/wordpress/wp-content/plugins/code_assignment/code_assignment.php on line 435

2023-07-18T18:34:26+00:00 CRITICAL Uncaught Error: Call to a member function generate_iframe_attributes_for_elementor_js() on null in /Users/evgeniisharaborin/Documents/websites/wordpress/wp-content/plugins/code_assignment/code_assignment.php:435
Stack trace:
#0 /Users/evgeniisharaborin/Documents/websites/wordpress/wp-content/plugins/elementor/includes/base/controls-stack.php(1992): WPC\Widgets\CodeAssignment->_content_template()
#1 /Users/evgeniisharaborin/Documents/websites/wordpress/wp-content/plugins/elementor/includes/managers/widgets.php(510): Elementor\Controls_Stack->print_template()
#2 /Users/evgeniisharaborin/Documents/websites/wordpress/wp-content/plugins/elementor/core/editor/editor.php(491): Elementor\Widgets_Manager->render_widgets_content()
#3 /Users/evgeniisharaborin/Documents/websites/wordpress/wp-includes/class-wp-hook.php(308): Elementor\Core\Editor\Editor->wp_footer('')
#4 /Users/evgeniisharaborin/Documents/websites/wordpress/wp-includes/class-wp-hook.php(332): WP_Hook->apply_filters('', Array)
#5 /Users/evgeniisharaborin/D in /Users/evgeniisharaborin/Documents/websites/wordpress/wp-content/plugins/code_assignment/code_assignment.php on line 435

2023-07-18T18:34:46+00:00 CRITICAL Uncaught Error: Call to a member function generate_iframe_attributes_for_elementor_js() on null in /Users/evgeniisharaborin/Documents/websites/wordpress/wp-content/plugins/code_assignment/code_assignment.php:435
Stack trace:
#0 /Users/evgeniisharaborin/Documents/websites/wordpress/wp-content/plugins/elementor/includes/base/controls-stack.php(1992): WPC\Widgets\CodeAssignment->_content_template()
#1 /Users/evgeniisharaborin/Documents/websites/wordpress/wp-content/plugins/elementor/includes/managers/widgets.php(510): Elementor\Controls_Stack->print_template()
#2 /Users/evgeniisharaborin/Documents/websites/wordpress/wp-content/plugins/elementor/core/editor/editor.php(491): Elementor\Widgets_Manager->render_widgets_content()
#3 /Users/evgeniisharaborin/Documents/websites/wordpress/wp-includes/class-wp-hook.php(308): Elementor\Core\Editor\Editor->wp_footer('')
#4 /Users/evgeniisharaborin/Documents/websites/wordpress/wp-includes/class-wp-hook.php(332): WP_Hook->apply_filters('', Array)
#5 /Users/evgeniisharaborin/D in /Users/evgeniisharaborin/Documents/websites/wordpress/wp-content/plugins/code_assignment/code_assignment.php on line 435

2023-07-18T18:36:43+00:00 CRITICAL Uncaught Error: Call to a member function getProperties() on null in /Users/evgeniisharaborin/Documents/websites/wordpress/wp-content/plugins/code_assignment/code_assignment.php:409
Stack trace:
#0 /Users/evgeniisharaborin/Documents/websites/wordpress/wp-content/plugins/elementor/includes/base/controls-stack.php(1992): WPC\Widgets\CodeAssignment->_content_template()
#1 /Users/evgeniisharaborin/Documents/websites/wordpress/wp-content/plugins/elementor/includes/managers/widgets.php(510): Elementor\Controls_Stack->print_template()
#2 /Users/evgeniisharaborin/Documents/websites/wordpress/wp-content/plugins/elementor/core/editor/editor.php(491): Elementor\Widgets_Manager->render_widgets_content()
#3 /Users/evgeniisharaborin/Documents/websites/wordpress/wp-includes/class-wp-hook.php(308): Elementor\Core\Editor\Editor->wp_footer('')
#4 /Users/evgeniisharaborin/Documents/websites/wordpress/wp-includes/class-wp-hook.php(332): WP_Hook->apply_filters('', Array)
#5 /Users/evgeniisharaborin/Documents/websites/wordpress/wp in /Users/evgeniisharaborin/Documents/websites/wordpress/wp-content/plugins/code_assignment/code_assignment.php on line 409

2023-07-18T18:40:12+00:00 CRITICAL Uncaught Error: Call to a member function generate_iframe_attributes_for_elementor_js() on null in /Users/evgeniisharaborin/Documents/websites/wordpress/wp-content/plugins/code_assignment/code_assignment.php:435
Stack trace:
#0 /Users/evgeniisharaborin/Documents/websites/wordpress/wp-content/plugins/elementor/includes/base/controls-stack.php(1992): WPC\Widgets\CodeAssignment->_content_template()
#1 /Users/evgeniisharaborin/Documents/websites/wordpress/wp-content/plugins/elementor/includes/managers/widgets.php(510): Elementor\Controls_Stack->print_template()
#2 /Users/evgeniisharaborin/Documents/websites/wordpress/wp-content/plugins/elementor/core/editor/editor.php(491): Elementor\Widgets_Manager->render_widgets_content()
#3 /Users/evgeniisharaborin/Documents/websites/wordpress/wp-includes/class-wp-hook.php(308): Elementor\Core\Editor\Editor->wp_footer('')
#4 /Users/evgeniisharaborin/Documents/websites/wordpress/wp-includes/class-wp-hook.php(332): WP_Hook->apply_filters('', Array)
#5 /Users/evgeniisharaborin/D in /Users/evgeniisharaborin/Documents/websites/wordpress/wp-content/plugins/code_assignment/code_assignment.php on line 435

2023-07-18T18:42:49+00:00 CRITICAL Uncaught Error: Call to a member function generate_iframe_attributes_for_elementor_js() on null in /Users/evgeniisharaborin/Documents/websites/wordpress/wp-content/plugins/code_assignment/code_assignment.php:436
Stack trace:
#0 /Users/evgeniisharaborin/Documents/websites/wordpress/wp-content/plugins/elementor/includes/base/controls-stack.php(1992): WPC\Widgets\CodeAssignment->_content_template()
#1 /Users/evgeniisharaborin/Documents/websites/wordpress/wp-content/plugins/elementor/includes/managers/widgets.php(510): Elementor\Controls_Stack->print_template()
#2 /Users/evgeniisharaborin/Documents/websites/wordpress/wp-content/plugins/elementor/core/editor/editor.php(491): Elementor\Widgets_Manager->render_widgets_content()
#3 /Users/evgeniisharaborin/Documents/websites/wordpress/wp-includes/class-wp-hook.php(308): Elementor\Core\Editor\Editor->wp_footer('')
#4 /Users/evgeniisharaborin/Documents/websites/wordpress/wp-includes/class-wp-hook.php(332): WP_Hook->apply_filters('', Array)
#5 /Users/evgeniisharaborin/D in /Users/evgeniisharaborin/Documents/websites/wordpress/wp-content/plugins/code_assignment/code_assignment.php on line 436

2023-07-18T18:44:38+00:00 CRITICAL Uncaught Error: Call to a member function generate_iframe_attributes_for_elementor_js() on null in /Users/evgeniisharaborin/Documents/websites/wordpress/wp-content/plugins/code_assignment/code_assignment.php:437
Stack trace:
#0 /Users/evgeniisharaborin/Documents/websites/wordpress/wp-content/plugins/elementor/includes/base/controls-stack.php(1992): WPC\Widgets\CodeAssignment->_content_template()
#1 /Users/evgeniisharaborin/Documents/websites/wordpress/wp-content/plugins/elementor/includes/managers/widgets.php(510): Elementor\Controls_Stack->print_template()
#2 /Users/evgeniisharaborin/Documents/websites/wordpress/wp-content/plugins/elementor/core/editor/editor.php(491): Elementor\Widgets_Manager->render_widgets_content()
#3 /Users/evgeniisharaborin/Documents/websites/wordpress/wp-includes/class-wp-hook.php(308): Elementor\Core\Editor\Editor->wp_footer('')
#4 /Users/evgeniisharaborin/Documents/websites/wordpress/wp-includes/class-wp-hook.php(332): WP_Hook->apply_filters('', Array)
#5 /Users/evgeniisharaborin/D in /Users/evgeniisharaborin/Documents/websites/wordpress/wp-content/plugins/code_assignment/code_assignment.php on line 437

2023-07-18T18:45:23+00:00 CRITICAL Uncaught Error: Call to a member function generate_iframe_attributes_for_elementor_js() on null in /Users/evgeniisharaborin/Documents/websites/wordpress/wp-content/plugins/code_assignment/code_assignment.php:438
Stack trace:
#0 /Users/evgeniisharaborin/Documents/websites/wordpress/wp-content/plugins/elementor/includes/base/controls-stack.php(1992): WPC\Widgets\CodeAssignment->_content_template()
#1 /Users/evgeniisharaborin/Documents/websites/wordpress/wp-content/plugins/elementor/includes/managers/widgets.php(510): Elementor\Controls_Stack->print_template()
#2 /Users/evgeniisharaborin/Documents/websites/wordpress/wp-content/plugins/elementor/core/editor/editor.php(491): Elementor\Widgets_Manager->render_widgets_content()
#3 /Users/evgeniisharaborin/Documents/websites/wordpress/wp-includes/class-wp-hook.php(308): Elementor\Core\Editor\Editor->wp_footer('')
#4 /Users/evgeniisharaborin/Documents/websites/wordpress/wp-includes/class-wp-hook.php(332): WP_Hook->apply_filters('', Array)
#5 /Users/evgeniisharaborin/D in /Users/evgeniisharaborin/Documents/websites/wordpress/wp-content/plugins/code_assignment/code_assignment.php on line 438

2023-07-18T18:46:32+00:00 CRITICAL Uncaught Error: Call to a member function generate_iframe_attributes_for_elementor_js() on null in /Users/evgeniisharaborin/Documents/websites/wordpress/wp-content/plugins/code_assignment/code_assignment.php:438
Stack trace:
#0 /Users/evgeniisharaborin/Documents/websites/wordpress/wp-content/plugins/elementor/includes/base/controls-stack.php(1992): WPC\Widgets\CodeAssignment->_content_template()
#1 /Users/evgeniisharaborin/Documents/websites/wordpress/wp-content/plugins/elementor/includes/managers/widgets.php(510): Elementor\Controls_Stack->print_template()
#2 /Users/evgeniisharaborin/Documents/websites/wordpress/wp-content/plugins/elementor/core/editor/editor.php(491): Elementor\Widgets_Manager->render_widgets_content()
#3 /Users/evgeniisharaborin/Documents/websites/wordpress/wp-includes/class-wp-hook.php(308): Elementor\Core\Editor\Editor->wp_footer('')
#4 /Users/evgeniisharaborin/Documents/websites/wordpress/wp-includes/class-wp-hook.php(332): WP_Hook->apply_filters('', Array)
#5 /Users/evgeniisharaborin/D in /Users/evgeniisharaborin/Documents/websites/wordpress/wp-content/plugins/code_assignment/code_assignment.php on line 438

2023-07-18T18:46:53+00:00 CRITICAL Uncaught Error: Call to a member function generate_iframe_attributes_for_elementor_js() on null in /Users/evgeniisharaborin/Documents/websites/wordpress/wp-content/plugins/code_assignment/code_assignment.php:438
Stack trace:
#0 /Users/evgeniisharaborin/Documents/websites/wordpress/wp-content/plugins/elementor/includes/base/controls-stack.php(1992): WPC\Widgets\CodeAssignment->_content_template()
#1 /Users/evgeniisharaborin/Documents/websites/wordpress/wp-content/plugins/elementor/includes/managers/widgets.php(510): Elementor\Controls_Stack->print_template()
#2 /Users/evgeniisharaborin/Documents/websites/wordpress/wp-content/plugins/elementor/core/editor/editor.php(491): Elementor\Widgets_Manager->render_widgets_content()
#3 /Users/evgeniisharaborin/Documents/websites/wordpress/wp-includes/class-wp-hook.php(308): Elementor\Core\Editor\Editor->wp_footer('')
#4 /Users/evgeniisharaborin/Documents/websites/wordpress/wp-includes/class-wp-hook.php(332): WP_Hook->apply_filters('', Array)
#5 /Users/evgeniisharaborin/D in /Users/evgeniisharaborin/Documents/websites/wordpress/wp-content/plugins/code_assignment/code_assignment.php on line 438

2023-07-18T18:47:56+00:00 CRITICAL Uncaught Error: Call to a member function generate_iframe_attributes_for_elementor_js() on null in /Users/evgeniisharaborin/Documents/websites/wordpress/wp-content/plugins/code_assignment/code_assignment.php:438
Stack trace:
#0 /Users/evgeniisharaborin/Documents/websites/wordpress/wp-content/plugins/elementor/includes/base/controls-stack.php(1992): WPC\Widgets\CodeAssignment->_content_template()
#1 /Users/evgeniisharaborin/Documents/websites/wordpress/wp-content/plugins/elementor/includes/managers/widgets.php(510): Elementor\Controls_Stack->print_template()
#2 /Users/evgeniisharaborin/Documents/websites/wordpress/wp-content/plugins/elementor/core/editor/editor.php(491): Elementor\Widgets_Manager->render_widgets_content()
#3 /Users/evgeniisharaborin/Documents/websites/wordpress/wp-includes/class-wp-hook.php(308): Elementor\Core\Editor\Editor->wp_footer('')
#4 /Users/evgeniisharaborin/Documents/websites/wordpress/wp-includes/class-wp-hook.php(332): WP_Hook->apply_filters('', Array)
#5 /Users/evgeniisharaborin/D in /Users/evgeniisharaborin/Documents/websites/wordpress/wp-content/plugins/code_assignment/code_assignment.php on line 438

2023-07-18T18:50:51+00:00 CRITICAL Uncaught ArgumentCountError: Too few arguments to function WPC\Widgets\Trinket_SUOT::__construct(), 0 passed in /Users/evgeniisharaborin/Documents/websites/wordpress/wp-content/plugins/code_assignment/code_assignment.php on line 117 and exactly 1 expected in /Users/evgeniisharaborin/Documents/websites/wordpress/wp-content/plugins/code_assignment/code_assignment.php:62
Stack trace:
#0 /Users/evgeniisharaborin/Documents/websites/wordpress/wp-content/plugins/code_assignment/code_assignment.php(117): WPC\Widgets\Trinket_SUOT->__construct()
#1 /Users/evgeniisharaborin/Documents/websites/wordpress/wp-content/plugins/custom-elementor.php(34): WPC\Widgets\CodeAssignment->__construct()
#2 /Users/evgeniisharaborin/Documents/websites/wordpress/wp-includes/class-wp-hook.php(308): WPC\Widget_Loader->register_widgets(Object(Elementor\Widgets_Manager))
#3 /Users/evgeniisharaborin/Documents/websites/wordpress/wp-includes/class-wp-hook.php(332): WP_Hook->apply_filters(NULL, Array)
#4 /Users/evgeniisharaborin/Documents/website in /Users/evgeniisharaborin/Documents/websites/wordpress/wp-content/plugins/code_assignment/code_assignment.php on line 62

2023-07-18T18:53:14+00:00 CRITICAL Uncaught TypeError: Argument 1 passed to Elementor\Controls_Stack::sanitize_settings() must be of the type array, null given, called in /Users/evgeniisharaborin/Documents/websites/wordpress/wp-content/plugins/elementor/includes/base/controls-stack.php on line 1109 and defined in /Users/evgeniisharaborin/Documents/websites/wordpress/wp-content/plugins/elementor/includes/base/controls-stack.php:2414
Stack trace:
#0 /Users/evgeniisharaborin/Documents/websites/wordpress/wp-content/plugins/elementor/includes/base/controls-stack.php(1109): Elementor\Controls_Stack->sanitize_settings(NULL)
#1 /Users/evgeniisharaborin/Documents/websites/wordpress/wp-content/plugins/elementor/includes/base/controls-stack.php(2163): Elementor\Controls_Stack->get_data('settings')
#2 /Users/evgeniisharaborin/Documents/websites/wordpress/wp-content/plugins/elementor/core/base/base-object.php(142): Elementor\Controls_Stack->get_init_settings()
#3 /Users/evgeniisharaborin/Documents/websites/wordpress/wp-content/plugins/elementor/core/base/b in /Users/evgeniisharaborin/Documents/websites/wordpress/wp-content/plugins/elementor/includes/base/controls-stack.php on line 2414

2023-07-18T18:57:31+00:00 CRITICAL Uncaught Error: Call to a member function generate_iframe_attributes_for_elementor_js() on null in /Users/evgeniisharaborin/Documents/websites/wordpress/wp-content/plugins/code_assignment/code_assignment.php:443
Stack trace:
#0 /Users/evgeniisharaborin/Documents/websites/wordpress/wp-content/plugins/elementor/includes/base/controls-stack.php(1992): WPC\Widgets\CodeAssignment->_content_template()
#1 /Users/evgeniisharaborin/Documents/websites/wordpress/wp-content/plugins/elementor/includes/managers/widgets.php(510): Elementor\Controls_Stack->print_template()
#2 /Users/evgeniisharaborin/Documents/websites/wordpress/wp-content/plugins/elementor/core/editor/editor.php(491): Elementor\Widgets_Manager->render_widgets_content()
#3 /Users/evgeniisharaborin/Documents/websites/wordpress/wp-includes/class-wp-hook.php(308): Elementor\Core\Editor\Editor->wp_footer('')
#4 /Users/evgeniisharaborin/Documents/websites/wordpress/wp-includes/class-wp-hook.php(332): WP_Hook->apply_filters('', Array)
#5 /Users/evgeniisharaborin/D in /Users/evgeniisharaborin/Documents/websites/wordpress/wp-content/plugins/code_assignment/code_assignment.php on line 443

2023-07-18T19:00:10+00:00 CRITICAL Uncaught Error: Call to a member function generate_iframe_attributes_for_elementor_js() on null in /Users/evgeniisharaborin/Documents/websites/wordpress/wp-content/plugins/code_assignment/code_assignment.php:443
Stack trace:
#0 /Users/evgeniisharaborin/Documents/websites/wordpress/wp-content/plugins/elementor/includes/base/controls-stack.php(1992): WPC\Widgets\CodeAssignment->_content_template()
#1 /Users/evgeniisharaborin/Documents/websites/wordpress/wp-content/plugins/elementor/includes/managers/widgets.php(510): Elementor\Controls_Stack->print_template()
#2 /Users/evgeniisharaborin/Documents/websites/wordpress/wp-content/plugins/elementor/core/editor/editor.php(491): Elementor\Widgets_Manager->render_widgets_content()
#3 /Users/evgeniisharaborin/Documents/websites/wordpress/wp-includes/class-wp-hook.php(308): Elementor\Core\Editor\Editor->wp_footer('')
#4 /Users/evgeniisharaborin/Documents/websites/wordpress/wp-includes/class-wp-hook.php(332): WP_Hook->apply_filters('', Array)
#5 /Users/evgeniisharaborin/D in /Users/evgeniisharaborin/Documents/websites/wordpress/wp-content/plugins/code_assignment/code_assignment.php on line 443

2023-07-18T19:02:06+00:00 CRITICAL Uncaught Error: Call to a member function generate_iframe_attributes_for_elementor_js() on null in /Users/evgeniisharaborin/Documents/websites/wordpress/wp-content/plugins/code_assignment/code_assignment.php:443
Stack trace:
#0 /Users/evgeniisharaborin/Documents/websites/wordpress/wp-content/plugins/elementor/includes/base/controls-stack.php(1992): WPC\Widgets\CodeAssignment->_content_template()
#1 /Users/evgeniisharaborin/Documents/websites/wordpress/wp-content/plugins/elementor/includes/managers/widgets.php(510): Elementor\Controls_Stack->print_template()
#2 /Users/evgeniisharaborin/Documents/websites/wordpress/wp-content/plugins/elementor/core/editor/editor.php(491): Elementor\Widgets_Manager->render_widgets_content()
#3 /Users/evgeniisharaborin/Documents/websites/wordpress/wp-includes/class-wp-hook.php(308): Elementor\Core\Editor\Editor->wp_footer('')
#4 /Users/evgeniisharaborin/Documents/websites/wordpress/wp-includes/class-wp-hook.php(332): WP_Hook->apply_filters('', Array)
#5 /Users/evgeniisharaborin/D in /Users/evgeniisharaborin/Documents/websites/wordpress/wp-content/plugins/code_assignment/code_assignment.php on line 443

2023-07-18T19:02:45+00:00 CRITICAL Uncaught Error: Call to a member function generate_iframe_attributes_for_elementor_js() on null in /Users/evgeniisharaborin/Documents/websites/wordpress/wp-content/plugins/code_assignment/code_assignment.php:444
Stack trace:
#0 /Users/evgeniisharaborin/Documents/websites/wordpress/wp-content/plugins/elementor/includes/base/controls-stack.php(1992): WPC\Widgets\CodeAssignment->_content_template()
#1 /Users/evgeniisharaborin/Documents/websites/wordpress/wp-content/plugins/elementor/includes/managers/widgets.php(510): Elementor\Controls_Stack->print_template()
#2 /Users/evgeniisharaborin/Documents/websites/wordpress/wp-content/plugins/elementor/core/editor/editor.php(491): Elementor\Widgets_Manager->render_widgets_content()
#3 /Users/evgeniisharaborin/Documents/websites/wordpress/wp-includes/class-wp-hook.php(308): Elementor\Core\Editor\Editor->wp_footer('')
#4 /Users/evgeniisharaborin/Documents/websites/wordpress/wp-includes/class-wp-hook.php(332): WP_Hook->apply_filters('', Array)
#5 /Users/evgeniisharaborin/D in /Users/evgeniisharaborin/Documents/websites/wordpress/wp-content/plugins/code_assignment/code_assignment.php on line 444

