2023-06-12T16:52:07+00:00 CRITICAL Uncaught TypeError: Argument 1 passed to Elementor\Controls_Stack::sanitize_settings() must be of the type array, null given, called in /Users/evgeniisharaborin/Documents/websites/wordpress/wp-content/plugins/elementor/includes/base/controls-stack.php on line 1109 and defined in /Users/evgeniisharaborin/Documents/websites/wordpress/wp-content/plugins/elementor/includes/base/controls-stack.php:2414
Stack trace:
#0 /Users/evgeniisharaborin/Documents/websites/wordpress/wp-content/plugins/elementor/includes/base/controls-stack.php(1109): Elementor\Controls_Stack->sanitize_settings(NULL)
#1 /Users/evgeniisharaborin/Documents/websites/wordpress/wp-content/plugins/elementor/includes/base/controls-stack.php(2163): Elementor\Controls_Stack->get_data('settings')
#2 /Users/evgeniisharaborin/Documents/websites/wordpress/wp-content/plugins/elementor/core/base/base-object.php(142): Elementor\Controls_Stack->get_init_settings()
#3 /Users/evgeniisharaborin/Documents/websites/wordpress/wp-content/plugins/elementor/core/base/b in /Users/evgeniisharaborin/Documents/websites/wordpress/wp-content/plugins/elementor/includes/base/controls-stack.php on line 2414

2023-06-12T16:52:25+00:00 CRITICAL Uncaught TypeError: Argument 1 passed to Elementor\Controls_Stack::sanitize_settings() must be of the type array, null given, called in /Users/evgeniisharaborin/Documents/websites/wordpress/wp-content/plugins/elementor/includes/base/controls-stack.php on line 1109 and defined in /Users/evgeniisharaborin/Documents/websites/wordpress/wp-content/plugins/elementor/includes/base/controls-stack.php:2414
Stack trace:
#0 /Users/evgeniisharaborin/Documents/websites/wordpress/wp-content/plugins/elementor/includes/base/controls-stack.php(1109): Elementor\Controls_Stack->sanitize_settings(NULL)
#1 /Users/evgeniisharaborin/Documents/websites/wordpress/wp-content/plugins/elementor/includes/base/controls-stack.php(2163): Elementor\Controls_Stack->get_data('settings')
#2 /Users/evgeniisharaborin/Documents/websites/wordpress/wp-content/plugins/elementor/core/base/base-object.php(142): Elementor\Controls_Stack->get_init_settings()
#3 /Users/evgeniisharaborin/Documents/websites/wordpress/wp-content/plugins/elementor/core/base/b in /Users/evgeniisharaborin/Documents/websites/wordpress/wp-content/plugins/elementor/includes/base/controls-stack.php on line 2414

2023-06-12T16:52:44+00:00 CRITICAL Uncaught TypeError: Argument 1 passed to Elementor\Controls_Stack::sanitize_settings() must be of the type array, null given, called in /Users/evgeniisharaborin/Documents/websites/wordpress/wp-content/plugins/elementor/includes/base/controls-stack.php on line 1109 and defined in /Users/evgeniisharaborin/Documents/websites/wordpress/wp-content/plugins/elementor/includes/base/controls-stack.php:2414
Stack trace:
#0 /Users/evgeniisharaborin/Documents/websites/wordpress/wp-content/plugins/elementor/includes/base/controls-stack.php(1109): Elementor\Controls_Stack->sanitize_settings(NULL)
#1 /Users/evgeniisharaborin/Documents/websites/wordpress/wp-content/plugins/elementor/includes/base/controls-stack.php(2163): Elementor\Controls_Stack->get_data('settings')
#2 /Users/evgeniisharaborin/Documents/websites/wordpress/wp-content/plugins/elementor/core/base/base-object.php(142): Elementor\Controls_Stack->get_init_settings()
#3 /Users/evgeniisharaborin/Documents/websites/wordpress/wp-content/plugins/elementor/core/base/b in /Users/evgeniisharaborin/Documents/websites/wordpress/wp-content/plugins/elementor/includes/base/controls-stack.php on line 2414

2023-06-12T16:52:59+00:00 CRITICAL Uncaught TypeError: Argument 1 passed to Elementor\Controls_Stack::sanitize_settings() must be of the type array, null given, called in /Users/evgeniisharaborin/Documents/websites/wordpress/wp-content/plugins/elementor/includes/base/controls-stack.php on line 1109 and defined in /Users/evgeniisharaborin/Documents/websites/wordpress/wp-content/plugins/elementor/includes/base/controls-stack.php:2414
Stack trace:
#0 /Users/evgeniisharaborin/Documents/websites/wordpress/wp-content/plugins/elementor/includes/base/controls-stack.php(1109): Elementor\Controls_Stack->sanitize_settings(NULL)
#1 /Users/evgeniisharaborin/Documents/websites/wordpress/wp-content/plugins/elementor/includes/base/controls-stack.php(2163): Elementor\Controls_Stack->get_data('settings')
#2 /Users/evgeniisharaborin/Documents/websites/wordpress/wp-content/plugins/elementor/core/base/base-object.php(142): Elementor\Controls_Stack->get_init_settings()
#3 /Users/evgeniisharaborin/Documents/websites/wordpress/wp-content/plugins/elementor/core/base/b in /Users/evgeniisharaborin/Documents/websites/wordpress/wp-content/plugins/elementor/includes/base/controls-stack.php on line 2414

2023-06-12T16:53:12+00:00 CRITICAL Uncaught TypeError: Argument 1 passed to Elementor\Controls_Stack::sanitize_settings() must be of the type array, null given, called in /Users/evgeniisharaborin/Documents/websites/wordpress/wp-content/plugins/elementor/includes/base/controls-stack.php on line 1109 and defined in /Users/evgeniisharaborin/Documents/websites/wordpress/wp-content/plugins/elementor/includes/base/controls-stack.php:2414
Stack trace:
#0 /Users/evgeniisharaborin/Documents/websites/wordpress/wp-content/plugins/elementor/includes/base/controls-stack.php(1109): Elementor\Controls_Stack->sanitize_settings(NULL)
#1 /Users/evgeniisharaborin/Documents/websites/wordpress/wp-content/plugins/elementor/includes/base/controls-stack.php(2163): Elementor\Controls_Stack->get_data('settings')
#2 /Users/evgeniisharaborin/Documents/websites/wordpress/wp-content/plugins/elementor/core/base/base-object.php(142): Elementor\Controls_Stack->get_init_settings()
#3 /Users/evgeniisharaborin/Documents/websites/wordpress/wp-content/plugins/elementor/core/base/b in /Users/evgeniisharaborin/Documents/websites/wordpress/wp-content/plugins/elementor/includes/base/controls-stack.php on line 2414

2023-06-12T16:53:59+00:00 CRITICAL Uncaught TypeError: Argument 1 passed to Elementor\Controls_Stack::sanitize_settings() must be of the type array, null given, called in /Users/evgeniisharaborin/Documents/websites/wordpress/wp-content/plugins/elementor/includes/base/controls-stack.php on line 1109 and defined in /Users/evgeniisharaborin/Documents/websites/wordpress/wp-content/plugins/elementor/includes/base/controls-stack.php:2414
Stack trace:
#0 /Users/evgeniisharaborin/Documents/websites/wordpress/wp-content/plugins/elementor/includes/base/controls-stack.php(1109): Elementor\Controls_Stack->sanitize_settings(NULL)
#1 /Users/evgeniisharaborin/Documents/websites/wordpress/wp-content/plugins/elementor/includes/base/controls-stack.php(2163): Elementor\Controls_Stack->get_data('settings')
#2 /Users/evgeniisharaborin/Documents/websites/wordpress/wp-content/plugins/elementor/core/base/base-object.php(142): Elementor\Controls_Stack->get_init_settings()
#3 /Users/evgeniisharaborin/Documents/websites/wordpress/wp-content/plugins/elementor/core/base/b in /Users/evgeniisharaborin/Documents/websites/wordpress/wp-content/plugins/elementor/includes/base/controls-stack.php on line 2414

2023-06-12T16:58:26+00:00 CRITICAL Uncaught TypeError: Argument 1 passed to Elementor\Controls_Stack::sanitize_settings() must be of the type array, null given, called in /Users/evgeniisharaborin/Documents/websites/wordpress/wp-content/plugins/elementor/includes/base/controls-stack.php on line 1109 and defined in /Users/evgeniisharaborin/Documents/websites/wordpress/wp-content/plugins/elementor/includes/base/controls-stack.php:2414
Stack trace:
#0 /Users/evgeniisharaborin/Documents/websites/wordpress/wp-content/plugins/elementor/includes/base/controls-stack.php(1109): Elementor\Controls_Stack->sanitize_settings(NULL)
#1 /Users/evgeniisharaborin/Documents/websites/wordpress/wp-content/plugins/elementor/includes/base/controls-stack.php(2163): Elementor\Controls_Stack->get_data('settings')
#2 /Users/evgeniisharaborin/Documents/websites/wordpress/wp-content/plugins/elementor/core/base/base-object.php(142): Elementor\Controls_Stack->get_init_settings()
#3 /Users/evgeniisharaborin/Documents/websites/wordpress/wp-content/plugins/elementor/core/base/b in /Users/evgeniisharaborin/Documents/websites/wordpress/wp-content/plugins/elementor/includes/base/controls-stack.php on line 2414

2023-06-12T16:59:20+00:00 CRITICAL Uncaught TypeError: Argument 1 passed to Elementor\Controls_Stack::sanitize_settings() must be of the type array, null given, called in /Users/evgeniisharaborin/Documents/websites/wordpress/wp-content/plugins/elementor/includes/base/controls-stack.php on line 1109 and defined in /Users/evgeniisharaborin/Documents/websites/wordpress/wp-content/plugins/elementor/includes/base/controls-stack.php:2414
Stack trace:
#0 /Users/evgeniisharaborin/Documents/websites/wordpress/wp-content/plugins/elementor/includes/base/controls-stack.php(1109): Elementor\Controls_Stack->sanitize_settings(NULL)
#1 /Users/evgeniisharaborin/Documents/websites/wordpress/wp-content/plugins/elementor/includes/base/controls-stack.php(2163): Elementor\Controls_Stack->get_data('settings')
#2 /Users/evgeniisharaborin/Documents/websites/wordpress/wp-content/plugins/elementor/core/base/base-object.php(142): Elementor\Controls_Stack->get_init_settings()
#3 /Users/evgeniisharaborin/Documents/websites/wordpress/wp-content/plugins/elementor/core/base/b in /Users/evgeniisharaborin/Documents/websites/wordpress/wp-content/plugins/elementor/includes/base/controls-stack.php on line 2414

2023-06-12T16:59:30+00:00 CRITICAL Uncaught TypeError: Argument 1 passed to Elementor\Controls_Stack::sanitize_settings() must be of the type array, null given, called in /Users/evgeniisharaborin/Documents/websites/wordpress/wp-content/plugins/elementor/includes/base/controls-stack.php on line 1109 and defined in /Users/evgeniisharaborin/Documents/websites/wordpress/wp-content/plugins/elementor/includes/base/controls-stack.php:2414
Stack trace:
#0 /Users/evgeniisharaborin/Documents/websites/wordpress/wp-content/plugins/elementor/includes/base/controls-stack.php(1109): Elementor\Controls_Stack->sanitize_settings(NULL)
#1 /Users/evgeniisharaborin/Documents/websites/wordpress/wp-content/plugins/elementor/includes/base/controls-stack.php(2163): Elementor\Controls_Stack->get_data('settings')
#2 /Users/evgeniisharaborin/Documents/websites/wordpress/wp-content/plugins/elementor/core/base/base-object.php(142): Elementor\Controls_Stack->get_init_settings()
#3 /Users/evgeniisharaborin/Documents/websites/wordpress/wp-content/plugins/elementor/core/base/b in /Users/evgeniisharaborin/Documents/websites/wordpress/wp-content/plugins/elementor/includes/base/controls-stack.php on line 2414

2023-06-12T17:04:21+00:00 CRITICAL Uncaught TypeError: Argument 1 passed to Elementor\Controls_Stack::sanitize_settings() must be of the type array, null given, called in /Users/evgeniisharaborin/Documents/websites/wordpress/wp-content/plugins/elementor/includes/base/controls-stack.php on line 1109 and defined in /Users/evgeniisharaborin/Documents/websites/wordpress/wp-content/plugins/elementor/includes/base/controls-stack.php:2414
Stack trace:
#0 /Users/evgeniisharaborin/Documents/websites/wordpress/wp-content/plugins/elementor/includes/base/controls-stack.php(1109): Elementor\Controls_Stack->sanitize_settings(NULL)
#1 /Users/evgeniisharaborin/Documents/websites/wordpress/wp-content/plugins/elementor/includes/base/controls-stack.php(2163): Elementor\Controls_Stack->get_data('settings')
#2 /Users/evgeniisharaborin/Documents/websites/wordpress/wp-content/plugins/elementor/core/base/base-object.php(142): Elementor\Controls_Stack->get_init_settings()
#3 /Users/evgeniisharaborin/Documents/websites/wordpress/wp-content/plugins/elementor/core/base/b in /Users/evgeniisharaborin/Documents/websites/wordpress/wp-content/plugins/elementor/includes/base/controls-stack.php on line 2414

2023-06-12T17:08:23+00:00 CRITICAL Uncaught TypeError: Argument 1 passed to Elementor\Controls_Stack::sanitize_settings() must be of the type array, null given, called in /Users/evgeniisharaborin/Documents/websites/wordpress/wp-content/plugins/elementor/includes/base/controls-stack.php on line 1109 and defined in /Users/evgeniisharaborin/Documents/websites/wordpress/wp-content/plugins/elementor/includes/base/controls-stack.php:2414
Stack trace:
#0 /Users/evgeniisharaborin/Documents/websites/wordpress/wp-content/plugins/elementor/includes/base/controls-stack.php(1109): Elementor\Controls_Stack->sanitize_settings(NULL)
#1 /Users/evgeniisharaborin/Documents/websites/wordpress/wp-content/plugins/elementor/includes/base/controls-stack.php(2163): Elementor\Controls_Stack->get_data('settings')
#2 /Users/evgeniisharaborin/Documents/websites/wordpress/wp-content/plugins/elementor/core/base/base-object.php(142): Elementor\Controls_Stack->get_init_settings()
#3 /Users/evgeniisharaborin/Documents/websites/wordpress/wp-content/plugins/elementor/core/base/b in /Users/evgeniisharaborin/Documents/websites/wordpress/wp-content/plugins/elementor/includes/base/controls-stack.php on line 2414

2023-06-12T17:08:25+00:00 CRITICAL Uncaught TypeError: Argument 1 passed to Elementor\Controls_Stack::sanitize_settings() must be of the type array, null given, called in /Users/evgeniisharaborin/Documents/websites/wordpress/wp-content/plugins/elementor/includes/base/controls-stack.php on line 1109 and defined in /Users/evgeniisharaborin/Documents/websites/wordpress/wp-content/plugins/elementor/includes/base/controls-stack.php:2414
Stack trace:
#0 /Users/evgeniisharaborin/Documents/websites/wordpress/wp-content/plugins/elementor/includes/base/controls-stack.php(1109): Elementor\Controls_Stack->sanitize_settings(NULL)
#1 /Users/evgeniisharaborin/Documents/websites/wordpress/wp-content/plugins/elementor/includes/base/controls-stack.php(2163): Elementor\Controls_Stack->get_data('settings')
#2 /Users/evgeniisharaborin/Documents/websites/wordpress/wp-content/plugins/elementor/core/base/base-object.php(142): Elementor\Controls_Stack->get_init_settings()
#3 /Users/evgeniisharaborin/Documents/websites/wordpress/wp-content/plugins/elementor/core/base/b in /Users/evgeniisharaborin/Documents/websites/wordpress/wp-content/plugins/elementor/includes/base/controls-stack.php on line 2414

2023-06-12T17:09:27+00:00 CRITICAL Uncaught TypeError: Argument 1 passed to Elementor\Controls_Stack::sanitize_settings() must be of the type array, null given, called in /Users/evgeniisharaborin/Documents/websites/wordpress/wp-content/plugins/elementor/includes/base/controls-stack.php on line 1109 and defined in /Users/evgeniisharaborin/Documents/websites/wordpress/wp-content/plugins/elementor/includes/base/controls-stack.php:2414
Stack trace:
#0 /Users/evgeniisharaborin/Documents/websites/wordpress/wp-content/plugins/elementor/includes/base/controls-stack.php(1109): Elementor\Controls_Stack->sanitize_settings(NULL)
#1 /Users/evgeniisharaborin/Documents/websites/wordpress/wp-content/plugins/elementor/includes/base/controls-stack.php(2163): Elementor\Controls_Stack->get_data('settings')
#2 /Users/evgeniisharaborin/Documents/websites/wordpress/wp-content/plugins/elementor/core/base/base-object.php(142): Elementor\Controls_Stack->get_init_settings()
#3 /Users/evgeniisharaborin/Documents/websites/wordpress/wp-content/plugins/elementor/core/base/b in /Users/evgeniisharaborin/Documents/websites/wordpress/wp-content/plugins/elementor/includes/base/controls-stack.php on line 2414

2023-06-12T17:21:39+00:00 CRITICAL Uncaught TypeError: Argument 1 passed to Elementor\Controls_Stack::sanitize_settings() must be of the type array, null given, called in /Users/evgeniisharaborin/Documents/websites/wordpress/wp-content/plugins/elementor/includes/base/controls-stack.php on line 1109 and defined in /Users/evgeniisharaborin/Documents/websites/wordpress/wp-content/plugins/elementor/includes/base/controls-stack.php:2414
Stack trace:
#0 /Users/evgeniisharaborin/Documents/websites/wordpress/wp-content/plugins/elementor/includes/base/controls-stack.php(1109): Elementor\Controls_Stack->sanitize_settings(NULL)
#1 /Users/evgeniisharaborin/Documents/websites/wordpress/wp-content/plugins/elementor/includes/base/controls-stack.php(2163): Elementor\Controls_Stack->get_data('settings')
#2 /Users/evgeniisharaborin/Documents/websites/wordpress/wp-content/plugins/elementor/core/base/base-object.php(142): Elementor\Controls_Stack->get_init_settings()
#3 /Users/evgeniisharaborin/Documents/websites/wordpress/wp-content/plugins/elementor/core/base/b in /Users/evgeniisharaborin/Documents/websites/wordpress/wp-content/plugins/elementor/includes/base/controls-stack.php on line 2414

2023-06-12T17:22:24+00:00 CRITICAL Uncaught TypeError: Argument 1 passed to Elementor\Controls_Stack::sanitize_settings() must be of the type array, null given, called in /Users/evgeniisharaborin/Documents/websites/wordpress/wp-content/plugins/elementor/includes/base/controls-stack.php on line 1109 and defined in /Users/evgeniisharaborin/Documents/websites/wordpress/wp-content/plugins/elementor/includes/base/controls-stack.php:2414
Stack trace:
#0 /Users/evgeniisharaborin/Documents/websites/wordpress/wp-content/plugins/elementor/includes/base/controls-stack.php(1109): Elementor\Controls_Stack->sanitize_settings(NULL)
#1 /Users/evgeniisharaborin/Documents/websites/wordpress/wp-content/plugins/elementor/includes/base/controls-stack.php(2163): Elementor\Controls_Stack->get_data('settings')
#2 /Users/evgeniisharaborin/Documents/websites/wordpress/wp-content/plugins/elementor/core/base/base-object.php(142): Elementor\Controls_Stack->get_init_settings()
#3 /Users/evgeniisharaborin/Documents/websites/wordpress/wp-content/plugins/elementor/core/base/b in /Users/evgeniisharaborin/Documents/websites/wordpress/wp-content/plugins/elementor/includes/base/controls-stack.php on line 2414

2023-06-12T17:23:38+00:00 CRITICAL Uncaught TypeError: Argument 1 passed to Elementor\Controls_Stack::sanitize_settings() must be of the type array, null given, called in /Users/evgeniisharaborin/Documents/websites/wordpress/wp-content/plugins/elementor/includes/base/controls-stack.php on line 1109 and defined in /Users/evgeniisharaborin/Documents/websites/wordpress/wp-content/plugins/elementor/includes/base/controls-stack.php:2414
Stack trace:
#0 /Users/evgeniisharaborin/Documents/websites/wordpress/wp-content/plugins/elementor/includes/base/controls-stack.php(1109): Elementor\Controls_Stack->sanitize_settings(NULL)
#1 /Users/evgeniisharaborin/Documents/websites/wordpress/wp-content/plugins/elementor/includes/base/controls-stack.php(2163): Elementor\Controls_Stack->get_data('settings')
#2 /Users/evgeniisharaborin/Documents/websites/wordpress/wp-content/plugins/elementor/core/base/base-object.php(142): Elementor\Controls_Stack->get_init_settings()
#3 /Users/evgeniisharaborin/Documents/websites/wordpress/wp-content/plugins/elementor/core/base/b in /Users/evgeniisharaborin/Documents/websites/wordpress/wp-content/plugins/elementor/includes/base/controls-stack.php on line 2414

2023-06-12T17:27:21+00:00 CRITICAL Uncaught TypeError: Argument 1 passed to Elementor\Controls_Stack::sanitize_settings() must be of the type array, null given, called in /Users/evgeniisharaborin/Documents/websites/wordpress/wp-content/plugins/elementor/includes/base/controls-stack.php on line 1109 and defined in /Users/evgeniisharaborin/Documents/websites/wordpress/wp-content/plugins/elementor/includes/base/controls-stack.php:2414
Stack trace:
#0 /Users/evgeniisharaborin/Documents/websites/wordpress/wp-content/plugins/elementor/includes/base/controls-stack.php(1109): Elementor\Controls_Stack->sanitize_settings(NULL)
#1 /Users/evgeniisharaborin/Documents/websites/wordpress/wp-content/plugins/elementor/includes/base/controls-stack.php(2163): Elementor\Controls_Stack->get_data('settings')
#2 /Users/evgeniisharaborin/Documents/websites/wordpress/wp-content/plugins/elementor/core/base/base-object.php(142): Elementor\Controls_Stack->get_init_settings()
#3 /Users/evgeniisharaborin/Documents/websites/wordpress/wp-content/plugins/elementor/core/base/b in /Users/evgeniisharaborin/Documents/websites/wordpress/wp-content/plugins/elementor/includes/base/controls-stack.php on line 2414

2023-06-12T17:27:24+00:00 CRITICAL Uncaught TypeError: Argument 1 passed to Elementor\Controls_Stack::sanitize_settings() must be of the type array, null given, called in /Users/evgeniisharaborin/Documents/websites/wordpress/wp-content/plugins/elementor/includes/base/controls-stack.php on line 1109 and defined in /Users/evgeniisharaborin/Documents/websites/wordpress/wp-content/plugins/elementor/includes/base/controls-stack.php:2414
Stack trace:
#0 /Users/evgeniisharaborin/Documents/websites/wordpress/wp-content/plugins/elementor/includes/base/controls-stack.php(1109): Elementor\Controls_Stack->sanitize_settings(NULL)
#1 /Users/evgeniisharaborin/Documents/websites/wordpress/wp-content/plugins/elementor/includes/base/controls-stack.php(2163): Elementor\Controls_Stack->get_data('settings')
#2 /Users/evgeniisharaborin/Documents/websites/wordpress/wp-content/plugins/elementor/core/base/base-object.php(142): Elementor\Controls_Stack->get_init_settings()
#3 /Users/evgeniisharaborin/Documents/websites/wordpress/wp-content/plugins/elementor/core/base/b in /Users/evgeniisharaborin/Documents/websites/wordpress/wp-content/plugins/elementor/includes/base/controls-stack.php on line 2414

2023-06-12T17:27:40+00:00 CRITICAL Uncaught TypeError: Argument 1 passed to Elementor\Controls_Stack::sanitize_settings() must be of the type array, null given, called in /Users/evgeniisharaborin/Documents/websites/wordpress/wp-content/plugins/elementor/includes/base/controls-stack.php on line 1109 and defined in /Users/evgeniisharaborin/Documents/websites/wordpress/wp-content/plugins/elementor/includes/base/controls-stack.php:2414
Stack trace:
#0 /Users/evgeniisharaborin/Documents/websites/wordpress/wp-content/plugins/elementor/includes/base/controls-stack.php(1109): Elementor\Controls_Stack->sanitize_settings(NULL)
#1 /Users/evgeniisharaborin/Documents/websites/wordpress/wp-content/plugins/elementor/includes/base/controls-stack.php(2163): Elementor\Controls_Stack->get_data('settings')
#2 /Users/evgeniisharaborin/Documents/websites/wordpress/wp-content/plugins/elementor/core/base/base-object.php(142): Elementor\Controls_Stack->get_init_settings()
#3 /Users/evgeniisharaborin/Documents/websites/wordpress/wp-content/plugins/elementor/core/base/b in /Users/evgeniisharaborin/Documents/websites/wordpress/wp-content/plugins/elementor/includes/base/controls-stack.php on line 2414

2023-06-12T17:27:44+00:00 CRITICAL Uncaught TypeError: Argument 1 passed to Elementor\Controls_Stack::sanitize_settings() must be of the type array, null given, called in /Users/evgeniisharaborin/Documents/websites/wordpress/wp-content/plugins/elementor/includes/base/controls-stack.php on line 1109 and defined in /Users/evgeniisharaborin/Documents/websites/wordpress/wp-content/plugins/elementor/includes/base/controls-stack.php:2414
Stack trace:
#0 /Users/evgeniisharaborin/Documents/websites/wordpress/wp-content/plugins/elementor/includes/base/controls-stack.php(1109): Elementor\Controls_Stack->sanitize_settings(NULL)
#1 /Users/evgeniisharaborin/Documents/websites/wordpress/wp-content/plugins/elementor/includes/base/controls-stack.php(2163): Elementor\Controls_Stack->get_data('settings')
#2 /Users/evgeniisharaborin/Documents/websites/wordpress/wp-content/plugins/elementor/core/base/base-object.php(142): Elementor\Controls_Stack->get_init_settings()
#3 /Users/evgeniisharaborin/Documents/websites/wordpress/wp-content/plugins/elementor/core/base/b in /Users/evgeniisharaborin/Documents/websites/wordpress/wp-content/plugins/elementor/includes/base/controls-stack.php on line 2414

2023-06-12T17:29:07+00:00 CRITICAL Uncaught TypeError: Argument 1 passed to Elementor\Controls_Stack::sanitize_settings() must be of the type array, null given, called in /Users/evgeniisharaborin/Documents/websites/wordpress/wp-content/plugins/elementor/includes/base/controls-stack.php on line 1109 and defined in /Users/evgeniisharaborin/Documents/websites/wordpress/wp-content/plugins/elementor/includes/base/controls-stack.php:2414
Stack trace:
#0 /Users/evgeniisharaborin/Documents/websites/wordpress/wp-content/plugins/elementor/includes/base/controls-stack.php(1109): Elementor\Controls_Stack->sanitize_settings(NULL)
#1 /Users/evgeniisharaborin/Documents/websites/wordpress/wp-content/plugins/elementor/includes/base/controls-stack.php(2163): Elementor\Controls_Stack->get_data('settings')
#2 /Users/evgeniisharaborin/Documents/websites/wordpress/wp-content/plugins/elementor/core/base/base-object.php(142): Elementor\Controls_Stack->get_init_settings()
#3 /Users/evgeniisharaborin/Documents/websites/wordpress/wp-content/plugins/elementor/core/base/b in /Users/evgeniisharaborin/Documents/websites/wordpress/wp-content/plugins/elementor/includes/base/controls-stack.php on line 2414

2023-06-12T17:29:23+00:00 CRITICAL Uncaught TypeError: Argument 1 passed to Elementor\Controls_Stack::sanitize_settings() must be of the type array, null given, called in /Users/evgeniisharaborin/Documents/websites/wordpress/wp-content/plugins/elementor/includes/base/controls-stack.php on line 1109 and defined in /Users/evgeniisharaborin/Documents/websites/wordpress/wp-content/plugins/elementor/includes/base/controls-stack.php:2414
Stack trace:
#0 /Users/evgeniisharaborin/Documents/websites/wordpress/wp-content/plugins/elementor/includes/base/controls-stack.php(1109): Elementor\Controls_Stack->sanitize_settings(NULL)
#1 /Users/evgeniisharaborin/Documents/websites/wordpress/wp-content/plugins/elementor/includes/base/controls-stack.php(2163): Elementor\Controls_Stack->get_data('settings')
#2 /Users/evgeniisharaborin/Documents/websites/wordpress/wp-content/plugins/elementor/core/base/base-object.php(142): Elementor\Controls_Stack->get_init_settings()
#3 /Users/evgeniisharaborin/Documents/websites/wordpress/wp-content/plugins/elementor/core/base/b in /Users/evgeniisharaborin/Documents/websites/wordpress/wp-content/plugins/elementor/includes/base/controls-stack.php on line 2414

2023-06-12T17:30:24+00:00 CRITICAL Uncaught TypeError: Argument 1 passed to Elementor\Controls_Stack::sanitize_settings() must be of the type array, null given, called in /Users/evgeniisharaborin/Documents/websites/wordpress/wp-content/plugins/elementor/includes/base/controls-stack.php on line 1109 and defined in /Users/evgeniisharaborin/Documents/websites/wordpress/wp-content/plugins/elementor/includes/base/controls-stack.php:2414
Stack trace:
#0 /Users/evgeniisharaborin/Documents/websites/wordpress/wp-content/plugins/elementor/includes/base/controls-stack.php(1109): Elementor\Controls_Stack->sanitize_settings(NULL)
#1 /Users/evgeniisharaborin/Documents/websites/wordpress/wp-content/plugins/elementor/includes/base/controls-stack.php(2163): Elementor\Controls_Stack->get_data('settings')
#2 /Users/evgeniisharaborin/Documents/websites/wordpress/wp-content/plugins/elementor/core/base/base-object.php(142): Elementor\Controls_Stack->get_init_settings()
#3 /Users/evgeniisharaborin/Documents/websites/wordpress/wp-content/plugins/elementor/core/base/b in /Users/evgeniisharaborin/Documents/websites/wordpress/wp-content/plugins/elementor/includes/base/controls-stack.php on line 2414

2023-06-12T17:30:35+00:00 CRITICAL Uncaught TypeError: Argument 1 passed to Elementor\Controls_Stack::sanitize_settings() must be of the type array, null given, called in /Users/evgeniisharaborin/Documents/websites/wordpress/wp-content/plugins/elementor/includes/base/controls-stack.php on line 1109 and defined in /Users/evgeniisharaborin/Documents/websites/wordpress/wp-content/plugins/elementor/includes/base/controls-stack.php:2414
Stack trace:
#0 /Users/evgeniisharaborin/Documents/websites/wordpress/wp-content/plugins/elementor/includes/base/controls-stack.php(1109): Elementor\Controls_Stack->sanitize_settings(NULL)
#1 /Users/evgeniisharaborin/Documents/websites/wordpress/wp-content/plugins/elementor/includes/base/controls-stack.php(2163): Elementor\Controls_Stack->get_data('settings')
#2 /Users/evgeniisharaborin/Documents/websites/wordpress/wp-content/plugins/elementor/core/base/base-object.php(142): Elementor\Controls_Stack->get_init_settings()
#3 /Users/evgeniisharaborin/Documents/websites/wordpress/wp-content/plugins/elementor/core/base/b in /Users/evgeniisharaborin/Documents/websites/wordpress/wp-content/plugins/elementor/includes/base/controls-stack.php on line 2414

2023-06-12T17:31:35+00:00 CRITICAL Uncaught TypeError: Argument 1 passed to Elementor\Controls_Stack::sanitize_settings() must be of the type array, null given, called in /Users/evgeniisharaborin/Documents/websites/wordpress/wp-content/plugins/elementor/includes/base/controls-stack.php on line 1109 and defined in /Users/evgeniisharaborin/Documents/websites/wordpress/wp-content/plugins/elementor/includes/base/controls-stack.php:2414
Stack trace:
#0 /Users/evgeniisharaborin/Documents/websites/wordpress/wp-content/plugins/elementor/includes/base/controls-stack.php(1109): Elementor\Controls_Stack->sanitize_settings(NULL)
#1 /Users/evgeniisharaborin/Documents/websites/wordpress/wp-content/plugins/elementor/includes/base/controls-stack.php(2163): Elementor\Controls_Stack->get_data('settings')
#2 /Users/evgeniisharaborin/Documents/websites/wordpress/wp-content/plugins/elementor/core/base/base-object.php(142): Elementor\Controls_Stack->get_init_settings()
#3 /Users/evgeniisharaborin/Documents/websites/wordpress/wp-content/plugins/elementor/core/base/b in /Users/evgeniisharaborin/Documents/websites/wordpress/wp-content/plugins/elementor/includes/base/controls-stack.php on line 2414

2023-06-12T17:32:02+00:00 CRITICAL Uncaught TypeError: Argument 1 passed to Elementor\Controls_Stack::sanitize_settings() must be of the type array, null given, called in /Users/evgeniisharaborin/Documents/websites/wordpress/wp-content/plugins/elementor/includes/base/controls-stack.php on line 1109 and defined in /Users/evgeniisharaborin/Documents/websites/wordpress/wp-content/plugins/elementor/includes/base/controls-stack.php:2414
Stack trace:
#0 /Users/evgeniisharaborin/Documents/websites/wordpress/wp-content/plugins/elementor/includes/base/controls-stack.php(1109): Elementor\Controls_Stack->sanitize_settings(NULL)
#1 /Users/evgeniisharaborin/Documents/websites/wordpress/wp-content/plugins/elementor/includes/base/controls-stack.php(2163): Elementor\Controls_Stack->get_data('settings')
#2 /Users/evgeniisharaborin/Documents/websites/wordpress/wp-content/plugins/elementor/core/base/base-object.php(142): Elementor\Controls_Stack->get_init_settings()
#3 /Users/evgeniisharaborin/Documents/websites/wordpress/wp-content/plugins/elementor/core/base/b in /Users/evgeniisharaborin/Documents/websites/wordpress/wp-content/plugins/elementor/includes/base/controls-stack.php on line 2414

